2021-08-26 14:30:49,389| INFO Microsoft.Hosting.Lifetime 
Application started. Press Ctrl+C to shut down.
--------------------------------
2021-08-26 14:30:49,405| INFO Microsoft.Hosting.Lifetime 
Hosting environment: Development
--------------------------------
2021-08-26 14:30:49,407| INFO Microsoft.Hosting.Lifetime 
Content root path: G:\WebApplication\WebApplication
--------------------------------
2021-08-26 19:26:07,152| INFO Microsoft.Hosting.Lifetime 
Application started. Press Ctrl+C to shut down.
--------------------------------
2021-08-26 19:26:07,173| INFO Microsoft.Hosting.Lifetime 
Hosting environment: Development
--------------------------------
2021-08-26 19:26:07,174| INFO Microsoft.Hosting.Lifetime 
Content root path: G:\WebApplication\WebApplication
--------------------------------
2021-08-26 19:52:10,874| INFO Microsoft.Hosting.Lifetime 
Application started. Press Ctrl+C to shut down.
--------------------------------
2021-08-26 19:52:10,892| INFO Microsoft.Hosting.Lifetime 
Hosting environment: Development
--------------------------------
2021-08-26 19:52:10,894| INFO Microsoft.Hosting.Lifetime 
Content root path: G:\WebApplication\WebApplication
--------------------------------
2021-08-26 19:59:54,808| INFO Microsoft.Hosting.Lifetime 
Application started. Press Ctrl+C to shut down.
--------------------------------
2021-08-26 19:59:54,833| INFO Microsoft.Hosting.Lifetime 
Hosting environment: Development
--------------------------------
2021-08-26 19:59:54,834| INFO Microsoft.Hosting.Lifetime 
Content root path: G:\WebApplication\WebApplication
--------------------------------
2021-08-26 20:01:56,488| INFO Microsoft.Hosting.Lifetime 
Application started. Press Ctrl+C to shut down.
--------------------------------
2021-08-26 20:01:56,510| INFO Microsoft.Hosting.Lifetime 
Hosting environment: Development
--------------------------------
2021-08-26 20:01:56,513| INFO Microsoft.Hosting.Lifetime 
Content root path: G:\WebApplication\WebApplication
--------------------------------
2021-08-26 23:43:59,543| INFO Microsoft.Hosting.Lifetime 
Application started. Press Ctrl+C to shut down.
--------------------------------
2021-08-26 23:43:59,565| INFO Microsoft.Hosting.Lifetime 
Hosting environment: Development
--------------------------------
2021-08-26 23:43:59,569| INFO Microsoft.Hosting.Lifetime 
Content root path: G:\WebApplication\WebApplication
--------------------------------
2021-08-26 23:48:55,893| INFO Microsoft.Hosting.Lifetime 
Application started. Press Ctrl+C to shut down.
--------------------------------
2021-08-26 23:48:55,914| INFO Microsoft.Hosting.Lifetime 
Hosting environment: Development
--------------------------------
2021-08-26 23:48:55,916| INFO Microsoft.Hosting.Lifetime 
Content root path: G:\WebApplication\WebApplication
--------------------------------
2021-08-26 23:54:00,211| INFO Microsoft.Hosting.Lifetime 
Application started. Press Ctrl+C to shut down.
--------------------------------
2021-08-26 23:54:00,235| INFO Microsoft.Hosting.Lifetime 
Hosting environment: Development
--------------------------------
2021-08-26 23:54:00,237| INFO Microsoft.Hosting.Lifetime 
Content root path: G:\WebApplication\WebApplication
--------------------------------
