2021-08-29 01:08:46,882| INFO Microsoft.Hosting.Lifetime 
Application started. Press Ctrl+C to shut down.
--------------------------------
2021-08-29 01:08:46,899| INFO Microsoft.Hosting.Lifetime 
Hosting environment: Development
--------------------------------
2021-08-29 01:08:46,903| INFO Microsoft.Hosting.Lifetime 
Content root path: G:\WebApplication\WebApplication
--------------------------------
2021-08-29 01:40:52,636| INFO Microsoft.Hosting.Lifetime 
Application started. Press Ctrl+C to shut down.
--------------------------------
2021-08-29 01:40:52,656| INFO Microsoft.Hosting.Lifetime 
Hosting environment: Development
--------------------------------
2021-08-29 01:40:52,658| INFO Microsoft.Hosting.Lifetime 
Content root path: G:\WebApplication\WebApplication
--------------------------------
2021-08-29 05:01:17,087| INFO Microsoft.Hosting.Lifetime 
Application started. Press Ctrl+C to shut down.
--------------------------------
2021-08-29 05:01:17,111| INFO Microsoft.Hosting.Lifetime 
Hosting environment: Development
--------------------------------
2021-08-29 05:01:17,113| INFO Microsoft.Hosting.Lifetime 
Content root path: G:\WebApplication\WebApplication
--------------------------------
2021-08-29 05:03:51,962| INFO Microsoft.Hosting.Lifetime 
Application started. Press Ctrl+C to shut down.
--------------------------------
2021-08-29 05:03:51,984| INFO Microsoft.Hosting.Lifetime 
Hosting environment: Development
--------------------------------
2021-08-29 05:03:51,986| INFO Microsoft.Hosting.Lifetime 
Content root path: G:\WebApplication\WebApplication
--------------------------------
2021-08-29 05:07:52,164| INFO Microsoft.Hosting.Lifetime 
Application started. Press Ctrl+C to shut down.
--------------------------------
2021-08-29 05:07:52,186| INFO Microsoft.Hosting.Lifetime 
Hosting environment: Development
--------------------------------
2021-08-29 05:07:52,188| INFO Microsoft.Hosting.Lifetime 
Content root path: G:\WebApplication\WebApplication
--------------------------------
2021-08-29 05:16:31,328| INFO Microsoft.Hosting.Lifetime 
Application started. Press Ctrl+C to shut down.
--------------------------------
2021-08-29 05:16:31,350| INFO Microsoft.Hosting.Lifetime 
Hosting environment: Development
--------------------------------
2021-08-29 05:16:31,352| INFO Microsoft.Hosting.Lifetime 
Content root path: G:\WebApplication\WebApplication
--------------------------------
2021-08-29 05:17:39,782| INFO Microsoft.Hosting.Lifetime 
Application started. Press Ctrl+C to shut down.
--------------------------------
2021-08-29 05:17:39,804| INFO Microsoft.Hosting.Lifetime 
Hosting environment: Development
--------------------------------
2021-08-29 05:17:39,806| INFO Microsoft.Hosting.Lifetime 
Content root path: G:\WebApplication\WebApplication
--------------------------------
2021-08-29 05:23:31,198| INFO Microsoft.Hosting.Lifetime 
Application started. Press Ctrl+C to shut down.
--------------------------------
2021-08-29 05:23:31,255| INFO Microsoft.Hosting.Lifetime 
Hosting environment: Development
--------------------------------
2021-08-29 05:23:31,257| INFO Microsoft.Hosting.Lifetime 
Content root path: G:\WebApplication\WebApplication
--------------------------------
2021-08-29 05:50:23,173| INFO Microsoft.Hosting.Lifetime 
Application started. Press Ctrl+C to shut down.
--------------------------------
2021-08-29 05:50:23,194| INFO Microsoft.Hosting.Lifetime 
Hosting environment: Development
--------------------------------
2021-08-29 05:50:23,196| INFO Microsoft.Hosting.Lifetime 
Content root path: G:\WebApplication\WebApplication
--------------------------------
2021-08-29 06:07:48,093| INFO Microsoft.Hosting.Lifetime 
Application started. Press Ctrl+C to shut down.
--------------------------------
2021-08-29 06:07:48,112| INFO Microsoft.Hosting.Lifetime 
Hosting environment: Development
--------------------------------
2021-08-29 06:07:48,113| INFO Microsoft.Hosting.Lifetime 
Content root path: G:\WebApplication\WebApplication
--------------------------------
2021-08-29 19:53:33,363| INFO Microsoft.Hosting.Lifetime 
Application started. Press Ctrl+C to shut down.
--------------------------------
2021-08-29 19:53:33,385| INFO Microsoft.Hosting.Lifetime 
Hosting environment: Development
--------------------------------
2021-08-29 19:53:33,387| INFO Microsoft.Hosting.Lifetime 
Content root path: G:\WebApplication\WebApplication
--------------------------------
