2021-08-18 21:00:35,314| INFO Microsoft.Hosting.Lifetime 
Application started. Press Ctrl+C to shut down.
--------------------------------
2021-08-18 21:00:35,329| INFO Microsoft.Hosting.Lifetime 
Hosting environment: Development
--------------------------------
2021-08-18 21:00:35,331| INFO Microsoft.Hosting.Lifetime 
Content root path: G:\WebApplication\WebApplication
--------------------------------
2021-08-18 21:03:51,182| INFO Microsoft.Hosting.Lifetime 
Application started. Press Ctrl+C to shut down.
--------------------------------
2021-08-18 21:03:51,206| INFO Microsoft.Hosting.Lifetime 
Hosting environment: Development
--------------------------------
2021-08-18 21:03:51,209| INFO Microsoft.Hosting.Lifetime 
Content root path: G:\WebApplication\WebApplication
--------------------------------
2021-08-18 21:04:31,917| INFO Microsoft.Hosting.Lifetime 
Application started. Press Ctrl+C to shut down.
--------------------------------
2021-08-18 21:04:31,941| INFO Microsoft.Hosting.Lifetime 
Hosting environment: Development
--------------------------------
2021-08-18 21:04:31,942| INFO Microsoft.Hosting.Lifetime 
Content root path: G:\WebApplication\WebApplication
--------------------------------
