2021-09-08 02:47:18,472| INFO Microsoft.Hosting.Lifetime 
Application started. Press Ctrl+C to shut down.
--------------------------------
2021-09-08 02:47:18,486| INFO Microsoft.Hosting.Lifetime 
Hosting environment: Development
--------------------------------
2021-09-08 02:47:18,488| INFO Microsoft.Hosting.Lifetime 
Content root path: G:\WebApplication\WebApplication
--------------------------------
2021-09-08 03:43:28,584| INFO Microsoft.Hosting.Lifetime 
Application started. Press Ctrl+C to shut down.
--------------------------------
2021-09-08 03:43:28,604| INFO Microsoft.Hosting.Lifetime 
Hosting environment: Development
--------------------------------
2021-09-08 03:43:28,606| INFO Microsoft.Hosting.Lifetime 
Content root path: G:\WebApplication\WebApplication
--------------------------------
2021-09-08 06:11:41,171| INFO Microsoft.Hosting.Lifetime 
Application started. Press Ctrl+C to shut down.
--------------------------------
2021-09-08 06:11:41,193| INFO Microsoft.Hosting.Lifetime 
Hosting environment: Development
--------------------------------
2021-09-08 06:11:41,195| INFO Microsoft.Hosting.Lifetime 
Content root path: G:\WebApplication\WebApplication
--------------------------------
2021-09-08 06:40:07,520| INFO Microsoft.Hosting.Lifetime 
Application started. Press Ctrl+C to shut down.
--------------------------------
2021-09-08 06:40:07,543| INFO Microsoft.Hosting.Lifetime 
Hosting environment: Development
--------------------------------
2021-09-08 06:40:07,545| INFO Microsoft.Hosting.Lifetime 
Content root path: G:\WebApplication\WebApplication
--------------------------------
2021-09-08 06:46:38,074| INFO Microsoft.Hosting.Lifetime 
Application started. Press Ctrl+C to shut down.
--------------------------------
2021-09-08 06:46:38,099| INFO Microsoft.Hosting.Lifetime 
Hosting environment: Development
--------------------------------
2021-09-08 06:46:38,101| INFO Microsoft.Hosting.Lifetime 
Content root path: G:\WebApplication\WebApplication
--------------------------------
2021-09-08 06:48:12,227| INFO Microsoft.Hosting.Lifetime 
Application started. Press Ctrl+C to shut down.
--------------------------------
2021-09-08 06:48:12,248| INFO Microsoft.Hosting.Lifetime 
Hosting environment: Development
--------------------------------
2021-09-08 06:48:12,250| INFO Microsoft.Hosting.Lifetime 
Content root path: G:\WebApplication\WebApplication
--------------------------------
2021-09-08 07:26:57,055| INFO Microsoft.Hosting.Lifetime 
Application started. Press Ctrl+C to shut down.
--------------------------------
2021-09-08 07:26:57,079| INFO Microsoft.Hosting.Lifetime 
Hosting environment: Development
--------------------------------
2021-09-08 07:26:57,081| INFO Microsoft.Hosting.Lifetime 
Content root path: G:\WebApplication\WebApplication
--------------------------------
2021-09-08 07:36:05,687| INFO Microsoft.Hosting.Lifetime 
Now listening on: http://localhost:5000
--------------------------------
2021-09-08 07:36:05,699| INFO Microsoft.Hosting.Lifetime 
Application started. Press Ctrl+C to shut down.
--------------------------------
2021-09-08 07:36:05,701| INFO Microsoft.Hosting.Lifetime 
Hosting environment: Development
--------------------------------
2021-09-08 07:36:05,703| INFO Microsoft.Hosting.Lifetime 
Content root path: G:\WebApplication\WebApplication
--------------------------------
2021-09-08 07:37:28,454| INFO Microsoft.Hosting.Lifetime 
Now listening on: http://localhost:5000
--------------------------------
2021-09-08 07:37:28,471| INFO Microsoft.Hosting.Lifetime 
Application started. Press Ctrl+C to shut down.
--------------------------------
2021-09-08 07:37:28,473| INFO Microsoft.Hosting.Lifetime 
Hosting environment: Development
--------------------------------
2021-09-08 07:37:28,475| INFO Microsoft.Hosting.Lifetime 
Content root path: G:\WebApplication\WebApplication
--------------------------------
2021-09-08 07:39:11,992| INFO Microsoft.Hosting.Lifetime 
Application started. Press Ctrl+C to shut down.
--------------------------------
2021-09-08 07:39:12,015| INFO Microsoft.Hosting.Lifetime 
Hosting environment: Development
--------------------------------
2021-09-08 07:39:12,016| INFO Microsoft.Hosting.Lifetime 
Content root path: G:\WebApplication\WebApplication
--------------------------------
