2021-08-27 00:05:09,950| INFO Microsoft.Hosting.Lifetime 
Application started. Press Ctrl+C to shut down.
--------------------------------
2021-08-27 00:05:09,965| INFO Microsoft.Hosting.Lifetime 
Hosting environment: Development
--------------------------------
2021-08-27 00:05:09,967| INFO Microsoft.Hosting.Lifetime 
Content root path: G:\WebApplication\WebApplication
--------------------------------
2021-08-27 02:13:10,295| INFO Microsoft.Hosting.Lifetime 
Application started. Press Ctrl+C to shut down.
--------------------------------
2021-08-27 02:13:10,314| INFO Microsoft.Hosting.Lifetime 
Hosting environment: Development
--------------------------------
2021-08-27 02:13:10,319| INFO Microsoft.Hosting.Lifetime 
Content root path: G:\WebApplication\WebApplication
--------------------------------
2021-08-27 12:24:34,304| INFO Microsoft.Hosting.Lifetime 
Application started. Press Ctrl+C to shut down.
--------------------------------
2021-08-27 12:24:34,326| INFO Microsoft.Hosting.Lifetime 
Hosting environment: Development
--------------------------------
2021-08-27 12:24:34,328| INFO Microsoft.Hosting.Lifetime 
Content root path: G:\WebApplication\WebApplication
--------------------------------
2021-08-27 12:33:31,622| INFO Microsoft.Hosting.Lifetime 
Application started. Press Ctrl+C to shut down.
--------------------------------
2021-08-27 12:33:31,642| INFO Microsoft.Hosting.Lifetime 
Hosting environment: Development
--------------------------------
2021-08-27 12:33:31,644| INFO Microsoft.Hosting.Lifetime 
Content root path: G:\WebApplication\WebApplication
--------------------------------
2021-08-27 12:40:11,462| INFO Microsoft.Hosting.Lifetime 
Application started. Press Ctrl+C to shut down.
--------------------------------
2021-08-27 12:40:11,485| INFO Microsoft.Hosting.Lifetime 
Hosting environment: Development
--------------------------------
2021-08-27 12:40:11,487| INFO Microsoft.Hosting.Lifetime 
Content root path: G:\WebApplication\WebApplication
--------------------------------
2021-08-27 14:01:04,158| INFO Microsoft.Hosting.Lifetime 
Application started. Press Ctrl+C to shut down.
--------------------------------
2021-08-27 14:01:04,179| INFO Microsoft.Hosting.Lifetime 
Hosting environment: Development
--------------------------------
2021-08-27 14:01:04,184| INFO Microsoft.Hosting.Lifetime 
Content root path: G:\WebApplication\WebApplication
--------------------------------
2021-08-27 15:27:19,926| INFO Microsoft.Hosting.Lifetime 
Application started. Press Ctrl+C to shut down.
--------------------------------
2021-08-27 15:27:19,950| INFO Microsoft.Hosting.Lifetime 
Hosting environment: Development
--------------------------------
2021-08-27 15:27:19,952| INFO Microsoft.Hosting.Lifetime 
Content root path: G:\WebApplication\WebApplication
--------------------------------
