2021-09-10 14:55:26,763| INFO Microsoft.Hosting.Lifetime 
Application started. Press Ctrl+C to shut down.
--------------------------------
2021-09-10 14:55:26,784| INFO Microsoft.Hosting.Lifetime 
Hosting environment: Development
--------------------------------
2021-09-10 14:55:26,786| INFO Microsoft.Hosting.Lifetime 
Content root path: G:\WebApplication\WebApplication
--------------------------------
2021-09-10 15:05:39,848| INFO Microsoft.Hosting.Lifetime 
Application started. Press Ctrl+C to shut down.
--------------------------------
2021-09-10 15:05:39,870| INFO Microsoft.Hosting.Lifetime 
Hosting environment: Development
--------------------------------
2021-09-10 15:05:39,872| INFO Microsoft.Hosting.Lifetime 
Content root path: G:\WebApplication\WebApplication
--------------------------------
2021-09-10 15:08:31,958| INFO Microsoft.Hosting.Lifetime 
Application started. Press Ctrl+C to shut down.
--------------------------------
2021-09-10 15:08:31,981| INFO Microsoft.Hosting.Lifetime 
Hosting environment: Development
--------------------------------
2021-09-10 15:08:31,982| INFO Microsoft.Hosting.Lifetime 
Content root path: G:\WebApplication\WebApplication
--------------------------------
2021-09-10 15:15:34,872| INFO Microsoft.Hosting.Lifetime 
Application started. Press Ctrl+C to shut down.
--------------------------------
2021-09-10 15:15:34,894| INFO Microsoft.Hosting.Lifetime 
Hosting environment: Development
--------------------------------
2021-09-10 15:15:34,896| INFO Microsoft.Hosting.Lifetime 
Content root path: G:\WebApplication\WebApplication
--------------------------------
2021-09-10 15:19:44,389| INFO Microsoft.Hosting.Lifetime 
Application started. Press Ctrl+C to shut down.
--------------------------------
2021-09-10 15:19:44,415| INFO Microsoft.Hosting.Lifetime 
Hosting environment: Development
--------------------------------
2021-09-10 15:19:44,417| INFO Microsoft.Hosting.Lifetime 
Content root path: G:\WebApplication\WebApplication
--------------------------------
