2021-08-28 04:10:10,840| INFO Microsoft.Hosting.Lifetime 
Application started. Press Ctrl+C to shut down.
--------------------------------
2021-08-28 04:10:10,862| INFO Microsoft.Hosting.Lifetime 
Hosting environment: Development
--------------------------------
2021-08-28 04:10:10,864| INFO Microsoft.Hosting.Lifetime 
Content root path: G:\WebApplication\WebApplication
--------------------------------
2021-08-28 04:14:02,621| INFO Microsoft.Hosting.Lifetime 
Application started. Press Ctrl+C to shut down.
--------------------------------
2021-08-28 04:14:02,639| INFO Microsoft.Hosting.Lifetime 
Hosting environment: Development
--------------------------------
2021-08-28 04:14:02,641| INFO Microsoft.Hosting.Lifetime 
Content root path: G:\WebApplication\WebApplication
--------------------------------
2021-08-28 04:15:51,676| INFO Microsoft.Hosting.Lifetime 
Application started. Press Ctrl+C to shut down.
--------------------------------
2021-08-28 04:15:51,696| INFO Microsoft.Hosting.Lifetime 
Hosting environment: Development
--------------------------------
2021-08-28 04:15:51,698| INFO Microsoft.Hosting.Lifetime 
Content root path: G:\WebApplication\WebApplication
--------------------------------
2021-08-28 04:51:15,045| INFO Microsoft.Hosting.Lifetime 
Application started. Press Ctrl+C to shut down.
--------------------------------
2021-08-28 04:51:15,064| INFO Microsoft.Hosting.Lifetime 
Hosting environment: Development
--------------------------------
2021-08-28 04:51:15,066| INFO Microsoft.Hosting.Lifetime 
Content root path: G:\WebApplication\WebApplication
--------------------------------
2021-08-28 04:52:23,397| INFO Microsoft.Hosting.Lifetime 
Application started. Press Ctrl+C to shut down.
--------------------------------
2021-08-28 04:52:23,418| INFO Microsoft.Hosting.Lifetime 
Hosting environment: Development
--------------------------------
2021-08-28 04:52:23,420| INFO Microsoft.Hosting.Lifetime 
Content root path: G:\WebApplication\WebApplication
--------------------------------
2021-08-28 04:55:05,821| INFO Microsoft.Hosting.Lifetime 
Application started. Press Ctrl+C to shut down.
--------------------------------
2021-08-28 04:55:05,841| INFO Microsoft.Hosting.Lifetime 
Hosting environment: Development
--------------------------------
2021-08-28 04:55:05,842| INFO Microsoft.Hosting.Lifetime 
Content root path: G:\WebApplication\WebApplication
--------------------------------
2021-08-28 04:57:33,732| INFO Microsoft.Hosting.Lifetime 
Application started. Press Ctrl+C to shut down.
--------------------------------
2021-08-28 04:57:33,752| INFO Microsoft.Hosting.Lifetime 
Hosting environment: Development
--------------------------------
2021-08-28 04:57:33,754| INFO Microsoft.Hosting.Lifetime 
Content root path: G:\WebApplication\WebApplication
--------------------------------
2021-08-28 05:00:01,354| INFO Microsoft.Hosting.Lifetime 
Application started. Press Ctrl+C to shut down.
--------------------------------
2021-08-28 05:00:01,375| INFO Microsoft.Hosting.Lifetime 
Hosting environment: Development
--------------------------------
2021-08-28 05:00:01,377| INFO Microsoft.Hosting.Lifetime 
Content root path: G:\WebApplication\WebApplication
--------------------------------
2021-08-28 05:03:05,724| INFO Microsoft.Hosting.Lifetime 
Application started. Press Ctrl+C to shut down.
--------------------------------
2021-08-28 05:03:05,749| INFO Microsoft.Hosting.Lifetime 
Hosting environment: Development
--------------------------------
2021-08-28 05:03:05,751| INFO Microsoft.Hosting.Lifetime 
Content root path: G:\WebApplication\WebApplication
--------------------------------
2021-08-28 05:03:14,144| INFO Microsoft.Hosting.Lifetime 
Application started. Press Ctrl+C to shut down.
--------------------------------
2021-08-28 05:03:14,165| INFO Microsoft.Hosting.Lifetime 
Hosting environment: Development
--------------------------------
2021-08-28 05:03:14,167| INFO Microsoft.Hosting.Lifetime 
Content root path: G:\WebApplication\WebApplication
--------------------------------
2021-08-28 05:04:21,006| INFO Microsoft.Hosting.Lifetime 
Application started. Press Ctrl+C to shut down.
--------------------------------
2021-08-28 05:04:21,028| INFO Microsoft.Hosting.Lifetime 
Hosting environment: Development
--------------------------------
2021-08-28 05:04:21,029| INFO Microsoft.Hosting.Lifetime 
Content root path: G:\WebApplication\WebApplication
--------------------------------
2021-08-28 05:23:46,855| INFO Microsoft.Hosting.Lifetime 
Application started. Press Ctrl+C to shut down.
--------------------------------
2021-08-28 05:23:46,875| INFO Microsoft.Hosting.Lifetime 
Hosting environment: Development
--------------------------------
2021-08-28 05:23:46,877| INFO Microsoft.Hosting.Lifetime 
Content root path: G:\WebApplication\WebApplication
--------------------------------
2021-08-28 05:30:10,055| INFO Microsoft.Hosting.Lifetime 
Application started. Press Ctrl+C to shut down.
--------------------------------
2021-08-28 05:30:10,076| INFO Microsoft.Hosting.Lifetime 
Hosting environment: Development
--------------------------------
2021-08-28 05:30:10,077| INFO Microsoft.Hosting.Lifetime 
Content root path: G:\WebApplication\WebApplication
--------------------------------
2021-08-28 05:33:01,486| INFO Microsoft.Hosting.Lifetime 
Application started. Press Ctrl+C to shut down.
--------------------------------
2021-08-28 05:33:01,506| INFO Microsoft.Hosting.Lifetime 
Hosting environment: Development
--------------------------------
2021-08-28 05:33:01,508| INFO Microsoft.Hosting.Lifetime 
Content root path: G:\WebApplication\WebApplication
--------------------------------
2021-08-28 05:37:22,865| INFO Microsoft.Hosting.Lifetime 
Application started. Press Ctrl+C to shut down.
--------------------------------
2021-08-28 05:37:22,889| INFO Microsoft.Hosting.Lifetime 
Hosting environment: Development
--------------------------------
2021-08-28 05:37:22,891| INFO Microsoft.Hosting.Lifetime 
Content root path: G:\WebApplication\WebApplication
--------------------------------
2021-08-28 05:41:07,608| INFO Microsoft.Hosting.Lifetime 
Application started. Press Ctrl+C to shut down.
--------------------------------
2021-08-28 05:41:07,631| INFO Microsoft.Hosting.Lifetime 
Hosting environment: Development
--------------------------------
2021-08-28 05:41:07,632| INFO Microsoft.Hosting.Lifetime 
Content root path: G:\WebApplication\WebApplication
--------------------------------
2021-08-28 05:46:31,071| INFO Microsoft.Hosting.Lifetime 
Application started. Press Ctrl+C to shut down.
--------------------------------
2021-08-28 05:46:31,094| INFO Microsoft.Hosting.Lifetime 
Hosting environment: Development
--------------------------------
2021-08-28 05:46:31,121| INFO Microsoft.Hosting.Lifetime 
Content root path: G:\WebApplication\WebApplication
--------------------------------
2021-08-28 05:47:20,624| INFO Microsoft.Hosting.Lifetime 
Application started. Press Ctrl+C to shut down.
--------------------------------
2021-08-28 05:47:20,638| INFO Microsoft.Hosting.Lifetime 
Hosting environment: Development
--------------------------------
2021-08-28 05:47:20,643| INFO Microsoft.Hosting.Lifetime 
Content root path: G:\WebApplication\WebApplication
--------------------------------
2021-08-28 05:49:35,022| INFO Microsoft.Hosting.Lifetime 
Application started. Press Ctrl+C to shut down.
--------------------------------
2021-08-28 05:49:35,044| INFO Microsoft.Hosting.Lifetime 
Hosting environment: Development
--------------------------------
2021-08-28 05:49:35,047| INFO Microsoft.Hosting.Lifetime 
Content root path: G:\WebApplication\WebApplication
--------------------------------
2021-08-28 05:50:20,897| INFO Microsoft.Hosting.Lifetime 
Application started. Press Ctrl+C to shut down.
--------------------------------
2021-08-28 05:50:20,918| INFO Microsoft.Hosting.Lifetime 
Hosting environment: Development
--------------------------------
2021-08-28 05:50:20,920| INFO Microsoft.Hosting.Lifetime 
Content root path: G:\WebApplication\WebApplication
--------------------------------
2021-08-28 05:51:23,187| INFO Microsoft.Hosting.Lifetime 
Application started. Press Ctrl+C to shut down.
--------------------------------
2021-08-28 05:51:23,209| INFO Microsoft.Hosting.Lifetime 
Hosting environment: Development
--------------------------------
2021-08-28 05:51:23,211| INFO Microsoft.Hosting.Lifetime 
Content root path: G:\WebApplication\WebApplication
--------------------------------
2021-08-28 05:58:31,989| INFO Microsoft.Hosting.Lifetime 
Application started. Press Ctrl+C to shut down.
--------------------------------
2021-08-28 05:58:32,009| INFO Microsoft.Hosting.Lifetime 
Hosting environment: Development
--------------------------------
2021-08-28 05:58:32,011| INFO Microsoft.Hosting.Lifetime 
Content root path: G:\WebApplication\WebApplication
--------------------------------
2021-08-28 05:59:25,973| INFO Microsoft.Hosting.Lifetime 
Application started. Press Ctrl+C to shut down.
--------------------------------
2021-08-28 05:59:25,996| INFO Microsoft.Hosting.Lifetime 
Hosting environment: Development
--------------------------------
2021-08-28 05:59:25,997| INFO Microsoft.Hosting.Lifetime 
Content root path: G:\WebApplication\WebApplication
--------------------------------
2021-08-28 06:00:00,335| INFO Microsoft.Hosting.Lifetime 
Application started. Press Ctrl+C to shut down.
--------------------------------
2021-08-28 06:00:00,358| INFO Microsoft.Hosting.Lifetime 
Hosting environment: Development
--------------------------------
2021-08-28 06:00:00,359| INFO Microsoft.Hosting.Lifetime 
Content root path: G:\WebApplication\WebApplication
--------------------------------
2021-08-28 06:00:36,264| INFO Microsoft.Hosting.Lifetime 
Application started. Press Ctrl+C to shut down.
--------------------------------
2021-08-28 06:00:36,286| INFO Microsoft.Hosting.Lifetime 
Hosting environment: Development
--------------------------------
2021-08-28 06:00:36,287| INFO Microsoft.Hosting.Lifetime 
Content root path: G:\WebApplication\WebApplication
--------------------------------
2021-08-28 06:04:36,638| INFO Microsoft.Hosting.Lifetime 
Application started. Press Ctrl+C to shut down.
--------------------------------
2021-08-28 06:04:36,658| INFO Microsoft.Hosting.Lifetime 
Hosting environment: Development
--------------------------------
2021-08-28 06:04:36,660| INFO Microsoft.Hosting.Lifetime 
Content root path: G:\WebApplication\WebApplication
--------------------------------
2021-08-28 06:14:06,618| INFO Microsoft.Hosting.Lifetime 
Application started. Press Ctrl+C to shut down.
--------------------------------
2021-08-28 06:14:06,639| INFO Microsoft.Hosting.Lifetime 
Hosting environment: Development
--------------------------------
2021-08-28 06:14:06,641| INFO Microsoft.Hosting.Lifetime 
Content root path: G:\WebApplication\WebApplication
--------------------------------
2021-08-28 06:37:53,902| INFO Microsoft.Hosting.Lifetime 
Application started. Press Ctrl+C to shut down.
--------------------------------
2021-08-28 06:37:53,922| INFO Microsoft.Hosting.Lifetime 
Hosting environment: Development
--------------------------------
2021-08-28 06:37:53,924| INFO Microsoft.Hosting.Lifetime 
Content root path: G:\WebApplication\WebApplication
--------------------------------
2021-08-28 06:39:36,534| INFO Microsoft.Hosting.Lifetime 
Application started. Press Ctrl+C to shut down.
--------------------------------
2021-08-28 06:39:36,559| INFO Microsoft.Hosting.Lifetime 
Hosting environment: Development
--------------------------------
2021-08-28 06:39:36,561| INFO Microsoft.Hosting.Lifetime 
Content root path: G:\WebApplication\WebApplication
--------------------------------
2021-08-28 06:39:59,385| INFO Microsoft.Hosting.Lifetime 
Application started. Press Ctrl+C to shut down.
--------------------------------
2021-08-28 06:39:59,409| INFO Microsoft.Hosting.Lifetime 
Hosting environment: Development
--------------------------------
2021-08-28 06:39:59,411| INFO Microsoft.Hosting.Lifetime 
Content root path: G:\WebApplication\WebApplication
--------------------------------
2021-08-28 06:44:22,341| INFO Microsoft.Hosting.Lifetime 
Application started. Press Ctrl+C to shut down.
--------------------------------
2021-08-28 06:44:22,363| INFO Microsoft.Hosting.Lifetime 
Hosting environment: Development
--------------------------------
2021-08-28 06:44:22,365| INFO Microsoft.Hosting.Lifetime 
Content root path: G:\WebApplication\WebApplication
--------------------------------
2021-08-28 06:45:17,135| INFO Microsoft.Hosting.Lifetime 
Application started. Press Ctrl+C to shut down.
--------------------------------
2021-08-28 06:45:17,162| INFO Microsoft.Hosting.Lifetime 
Hosting environment: Development
--------------------------------
2021-08-28 06:45:17,165| INFO Microsoft.Hosting.Lifetime 
Content root path: G:\WebApplication\WebApplication
--------------------------------
2021-08-28 06:47:09,853| INFO Microsoft.Hosting.Lifetime 
Application started. Press Ctrl+C to shut down.
--------------------------------
2021-08-28 06:47:09,873| INFO Microsoft.Hosting.Lifetime 
Hosting environment: Development
--------------------------------
2021-08-28 06:47:09,875| INFO Microsoft.Hosting.Lifetime 
Content root path: G:\WebApplication\WebApplication
--------------------------------
2021-08-28 06:51:10,581| INFO Microsoft.Hosting.Lifetime 
Application started. Press Ctrl+C to shut down.
--------------------------------
2021-08-28 06:51:10,605| INFO Microsoft.Hosting.Lifetime 
Hosting environment: Development
--------------------------------
2021-08-28 06:51:10,607| INFO Microsoft.Hosting.Lifetime 
Content root path: G:\WebApplication\WebApplication
--------------------------------
2021-08-28 06:52:48,696| INFO Microsoft.Hosting.Lifetime 
Application started. Press Ctrl+C to shut down.
--------------------------------
2021-08-28 06:52:48,720| INFO Microsoft.Hosting.Lifetime 
Hosting environment: Development
--------------------------------
2021-08-28 06:52:48,723| INFO Microsoft.Hosting.Lifetime 
Content root path: G:\WebApplication\WebApplication
--------------------------------
2021-08-28 06:54:22,804| INFO Microsoft.Hosting.Lifetime 
Application started. Press Ctrl+C to shut down.
--------------------------------
2021-08-28 06:54:22,828| INFO Microsoft.Hosting.Lifetime 
Hosting environment: Development
--------------------------------
2021-08-28 06:54:22,830| INFO Microsoft.Hosting.Lifetime 
Content root path: G:\WebApplication\WebApplication
--------------------------------
2021-08-28 06:56:11,811| INFO Microsoft.Hosting.Lifetime 
Application started. Press Ctrl+C to shut down.
--------------------------------
2021-08-28 06:56:11,837| INFO Microsoft.Hosting.Lifetime 
Hosting environment: Development
--------------------------------
2021-08-28 06:56:11,840| INFO Microsoft.Hosting.Lifetime 
Content root path: G:\WebApplication\WebApplication
--------------------------------
2021-08-28 06:57:53,547| INFO Microsoft.Hosting.Lifetime 
Application started. Press Ctrl+C to shut down.
--------------------------------
2021-08-28 06:57:53,571| INFO Microsoft.Hosting.Lifetime 
Hosting environment: Development
--------------------------------
2021-08-28 06:57:53,573| INFO Microsoft.Hosting.Lifetime 
Content root path: G:\WebApplication\WebApplication
--------------------------------
2021-08-28 07:06:19,090| INFO Microsoft.Hosting.Lifetime 
Application started. Press Ctrl+C to shut down.
--------------------------------
2021-08-28 07:06:19,114| INFO Microsoft.Hosting.Lifetime 
Hosting environment: Development
--------------------------------
2021-08-28 07:06:19,118| INFO Microsoft.Hosting.Lifetime 
Content root path: G:\WebApplication\WebApplication
--------------------------------
2021-08-28 07:13:30,392| INFO Microsoft.Hosting.Lifetime 
Application started. Press Ctrl+C to shut down.
--------------------------------
2021-08-28 07:13:30,411| INFO Microsoft.Hosting.Lifetime 
Hosting environment: Development
--------------------------------
2021-08-28 07:13:30,418| INFO Microsoft.Hosting.Lifetime 
Content root path: G:\WebApplication\WebApplication
--------------------------------
2021-08-28 07:15:13,700| INFO Microsoft.Hosting.Lifetime 
Application started. Press Ctrl+C to shut down.
--------------------------------
2021-08-28 07:15:13,723| INFO Microsoft.Hosting.Lifetime 
Hosting environment: Development
--------------------------------
2021-08-28 07:15:13,725| INFO Microsoft.Hosting.Lifetime 
Content root path: G:\WebApplication\WebApplication
--------------------------------
2021-08-28 07:25:54,857| INFO Microsoft.Hosting.Lifetime 
Application started. Press Ctrl+C to shut down.
--------------------------------
2021-08-28 07:25:54,878| INFO Microsoft.Hosting.Lifetime 
Hosting environment: Development
--------------------------------
2021-08-28 07:25:54,881| INFO Microsoft.Hosting.Lifetime 
Content root path: G:\WebApplication\WebApplication
--------------------------------
2021-08-28 07:29:36,379| INFO Microsoft.Hosting.Lifetime 
Application started. Press Ctrl+C to shut down.
--------------------------------
2021-08-28 07:29:36,400| INFO Microsoft.Hosting.Lifetime 
Hosting environment: Development
--------------------------------
2021-08-28 07:29:36,402| INFO Microsoft.Hosting.Lifetime 
Content root path: G:\WebApplication\WebApplication
--------------------------------
2021-08-28 07:36:03,992| INFO Microsoft.Hosting.Lifetime 
Application started. Press Ctrl+C to shut down.
--------------------------------
2021-08-28 07:36:04,015| INFO Microsoft.Hosting.Lifetime 
Hosting environment: Development
--------------------------------
2021-08-28 07:36:04,017| INFO Microsoft.Hosting.Lifetime 
Content root path: G:\WebApplication\WebApplication
--------------------------------
2021-08-28 07:45:08,516| INFO Microsoft.Hosting.Lifetime 
Application started. Press Ctrl+C to shut down.
--------------------------------
2021-08-28 07:45:08,539| INFO Microsoft.Hosting.Lifetime 
Hosting environment: Development
--------------------------------
2021-08-28 07:45:08,540| INFO Microsoft.Hosting.Lifetime 
Content root path: G:\WebApplication\WebApplication
--------------------------------
2021-08-28 07:46:40,898| INFO Microsoft.Hosting.Lifetime 
Application started. Press Ctrl+C to shut down.
--------------------------------
2021-08-28 07:46:40,926| INFO Microsoft.Hosting.Lifetime 
Hosting environment: Development
--------------------------------
2021-08-28 07:46:40,928| INFO Microsoft.Hosting.Lifetime 
Content root path: G:\WebApplication\WebApplication
--------------------------------
2021-08-28 07:55:32,097| INFO Microsoft.Hosting.Lifetime 
Application started. Press Ctrl+C to shut down.
--------------------------------
2021-08-28 07:55:32,121| INFO Microsoft.Hosting.Lifetime 
Hosting environment: Development
--------------------------------
2021-08-28 07:55:32,123| INFO Microsoft.Hosting.Lifetime 
Content root path: G:\WebApplication\WebApplication
--------------------------------
2021-08-28 08:04:32,784| INFO Microsoft.Hosting.Lifetime 
Application started. Press Ctrl+C to shut down.
--------------------------------
2021-08-28 08:04:32,804| INFO Microsoft.Hosting.Lifetime 
Hosting environment: Development
--------------------------------
2021-08-28 08:04:32,806| INFO Microsoft.Hosting.Lifetime 
Content root path: G:\WebApplication\WebApplication
--------------------------------
2021-08-28 08:07:06,218| INFO Microsoft.Hosting.Lifetime 
Application started. Press Ctrl+C to shut down.
--------------------------------
2021-08-28 08:07:06,239| INFO Microsoft.Hosting.Lifetime 
Hosting environment: Development
--------------------------------
2021-08-28 08:07:06,241| INFO Microsoft.Hosting.Lifetime 
Content root path: G:\WebApplication\WebApplication
--------------------------------
2021-08-28 08:07:59,027| INFO Microsoft.Hosting.Lifetime 
Application started. Press Ctrl+C to shut down.
--------------------------------
2021-08-28 08:07:59,048| INFO Microsoft.Hosting.Lifetime 
Hosting environment: Development
--------------------------------
2021-08-28 08:07:59,050| INFO Microsoft.Hosting.Lifetime 
Content root path: G:\WebApplication\WebApplication
--------------------------------
2021-08-28 08:11:29,817| INFO Microsoft.Hosting.Lifetime 
Application started. Press Ctrl+C to shut down.
--------------------------------
2021-08-28 08:11:29,839| INFO Microsoft.Hosting.Lifetime 
Hosting environment: Development
--------------------------------
2021-08-28 08:11:29,841| INFO Microsoft.Hosting.Lifetime 
Content root path: G:\WebApplication\WebApplication
--------------------------------
2021-08-28 08:20:15,592| INFO Microsoft.Hosting.Lifetime 
Application started. Press Ctrl+C to shut down.
--------------------------------
2021-08-28 08:20:15,611| INFO Microsoft.Hosting.Lifetime 
Hosting environment: Development
--------------------------------
2021-08-28 08:20:15,613| INFO Microsoft.Hosting.Lifetime 
Content root path: G:\WebApplication\WebApplication
--------------------------------
2021-08-28 08:27:45,475| INFO Microsoft.Hosting.Lifetime 
Application started. Press Ctrl+C to shut down.
--------------------------------
2021-08-28 08:27:45,492| INFO Microsoft.Hosting.Lifetime 
Hosting environment: Development
--------------------------------
2021-08-28 08:27:45,494| INFO Microsoft.Hosting.Lifetime 
Content root path: G:\WebApplication\WebApplication
--------------------------------
2021-08-28 08:30:26,499| INFO Microsoft.Hosting.Lifetime 
Application started. Press Ctrl+C to shut down.
--------------------------------
2021-08-28 08:30:26,517| INFO Microsoft.Hosting.Lifetime 
Hosting environment: Development
--------------------------------
2021-08-28 08:30:26,522| INFO Microsoft.Hosting.Lifetime 
Content root path: G:\WebApplication\WebApplication
--------------------------------
2021-08-28 08:31:35,211| INFO Microsoft.Hosting.Lifetime 
Application started. Press Ctrl+C to shut down.
--------------------------------
2021-08-28 08:31:35,233| INFO Microsoft.Hosting.Lifetime 
Hosting environment: Development
--------------------------------
2021-08-28 08:31:35,235| INFO Microsoft.Hosting.Lifetime 
Content root path: G:\WebApplication\WebApplication
--------------------------------
