2021-09-07 00:58:45,289| INFO Microsoft.Hosting.Lifetime 
Application started. Press Ctrl+C to shut down.
--------------------------------
2021-09-07 00:58:45,306| INFO Microsoft.Hosting.Lifetime 
Hosting environment: Development
--------------------------------
2021-09-07 00:58:45,308| INFO Microsoft.Hosting.Lifetime 
Content root path: G:\WebApplication\WebApplication
--------------------------------
2021-09-07 06:22:06,077| INFO Microsoft.Hosting.Lifetime 
Application started. Press Ctrl+C to shut down.
--------------------------------
2021-09-07 06:22:06,098| INFO Microsoft.Hosting.Lifetime 
Hosting environment: Development
--------------------------------
2021-09-07 06:22:06,100| INFO Microsoft.Hosting.Lifetime 
Content root path: G:\WebApplication\WebApplication
--------------------------------
2021-09-07 18:44:27,804| INFO Microsoft.Hosting.Lifetime 
Application started. Press Ctrl+C to shut down.
--------------------------------
2021-09-07 18:44:27,831| INFO Microsoft.Hosting.Lifetime 
Hosting environment: Development
--------------------------------
2021-09-07 18:44:27,834| INFO Microsoft.Hosting.Lifetime 
Content root path: G:\WebApplication\WebApplication
--------------------------------
2021-09-07 19:03:52,803| INFO Microsoft.Hosting.Lifetime 
Application started. Press Ctrl+C to shut down.
--------------------------------
2021-09-07 19:03:52,829| INFO Microsoft.Hosting.Lifetime 
Hosting environment: Development
--------------------------------
2021-09-07 19:03:52,831| INFO Microsoft.Hosting.Lifetime 
Content root path: G:\WebApplication\WebApplication
--------------------------------
2021-09-07 19:08:37,274| INFO Microsoft.Hosting.Lifetime 
Application started. Press Ctrl+C to shut down.
--------------------------------
2021-09-07 19:08:37,299| INFO Microsoft.Hosting.Lifetime 
Hosting environment: Development
--------------------------------
2021-09-07 19:08:37,302| INFO Microsoft.Hosting.Lifetime 
Content root path: G:\WebApplication\WebApplication
--------------------------------
2021-09-07 19:11:42,505| INFO Microsoft.Hosting.Lifetime 
Application started. Press Ctrl+C to shut down.
--------------------------------
2021-09-07 19:11:42,528| INFO Microsoft.Hosting.Lifetime 
Hosting environment: Development
--------------------------------
2021-09-07 19:11:42,530| INFO Microsoft.Hosting.Lifetime 
Content root path: G:\WebApplication\WebApplication
--------------------------------
2021-09-07 19:15:34,166| INFO Microsoft.Hosting.Lifetime 
Application started. Press Ctrl+C to shut down.
--------------------------------
2021-09-07 19:15:34,190| INFO Microsoft.Hosting.Lifetime 
Hosting environment: Development
--------------------------------
2021-09-07 19:15:34,192| INFO Microsoft.Hosting.Lifetime 
Content root path: G:\WebApplication\WebApplication
--------------------------------
2021-09-07 19:19:35,301| INFO Microsoft.Hosting.Lifetime 
Application started. Press Ctrl+C to shut down.
--------------------------------
2021-09-07 19:19:35,325| INFO Microsoft.Hosting.Lifetime 
Hosting environment: Development
--------------------------------
2021-09-07 19:19:35,327| INFO Microsoft.Hosting.Lifetime 
Content root path: G:\WebApplication\WebApplication
--------------------------------
2021-09-07 19:21:55,261| INFO Microsoft.Hosting.Lifetime 
Application started. Press Ctrl+C to shut down.
--------------------------------
2021-09-07 19:21:55,290| INFO Microsoft.Hosting.Lifetime 
Hosting environment: Development
--------------------------------
2021-09-07 19:21:55,292| INFO Microsoft.Hosting.Lifetime 
Content root path: G:\WebApplication\WebApplication
--------------------------------
