2021-09-12 07:40:29,679| INFO Microsoft.Hosting.Lifetime 
Application started. Press Ctrl+C to shut down.
--------------------------------
2021-09-12 07:40:29,700| INFO Microsoft.Hosting.Lifetime 
Hosting environment: Development
--------------------------------
2021-09-12 07:40:29,702| INFO Microsoft.Hosting.Lifetime 
Content root path: G:\WebApplication\WebApplication
--------------------------------
2021-09-12 07:45:03,154| INFO Microsoft.Hosting.Lifetime 
Application started. Press Ctrl+C to shut down.
--------------------------------
2021-09-12 07:45:03,175| INFO Microsoft.Hosting.Lifetime 
Hosting environment: Development
--------------------------------
2021-09-12 07:45:03,177| INFO Microsoft.Hosting.Lifetime 
Content root path: G:\WebApplication\WebApplication
--------------------------------
2021-09-12 07:45:58,087| INFO Microsoft.Hosting.Lifetime 
Application started. Press Ctrl+C to shut down.
--------------------------------
2021-09-12 07:45:58,109| INFO Microsoft.Hosting.Lifetime 
Hosting environment: Development
--------------------------------
2021-09-12 07:45:58,112| INFO Microsoft.Hosting.Lifetime 
Content root path: G:\WebApplication\WebApplication
--------------------------------
2021-09-12 07:56:04,817| INFO Microsoft.Hosting.Lifetime 
Application started. Press Ctrl+C to shut down.
--------------------------------
2021-09-12 07:56:04,841| INFO Microsoft.Hosting.Lifetime 
Hosting environment: Development
--------------------------------
2021-09-12 07:56:04,844| INFO Microsoft.Hosting.Lifetime 
Content root path: G:\WebApplication\WebApplication
--------------------------------
2021-09-12 09:00:45,905| INFO Microsoft.Hosting.Lifetime 
Application started. Press Ctrl+C to shut down.
--------------------------------
2021-09-12 09:00:45,930| INFO Microsoft.Hosting.Lifetime 
Hosting environment: Development
--------------------------------
2021-09-12 09:00:45,932| INFO Microsoft.Hosting.Lifetime 
Content root path: G:\WebApplication\WebApplication
--------------------------------
