2021-08-24 12:33:47,111| INFO Microsoft.Hosting.Lifetime 
Application started. Press Ctrl+C to shut down.
--------------------------------
2021-08-24 12:33:47,126| INFO Microsoft.Hosting.Lifetime 
Hosting environment: Development
--------------------------------
2021-08-24 12:33:47,128| INFO Microsoft.Hosting.Lifetime 
Content root path: G:\WebApplication\WebApplication
--------------------------------
2021-08-24 16:49:00,910| INFO Microsoft.Hosting.Lifetime 
Application started. Press Ctrl+C to shut down.
--------------------------------
2021-08-24 16:49:00,929| INFO Microsoft.Hosting.Lifetime 
Hosting environment: Development
--------------------------------
2021-08-24 16:49:00,931| INFO Microsoft.Hosting.Lifetime 
Content root path: G:\WebApplication\WebApplication
--------------------------------
2021-08-24 16:52:19,233| INFO Microsoft.Hosting.Lifetime 
Application started. Press Ctrl+C to shut down.
--------------------------------
2021-08-24 16:52:19,253| INFO Microsoft.Hosting.Lifetime 
Hosting environment: Development
--------------------------------
2021-08-24 16:52:19,255| INFO Microsoft.Hosting.Lifetime 
Content root path: G:\WebApplication\WebApplication
--------------------------------
