2021-08-31 19:09:53,955| INFO Microsoft.Hosting.Lifetime 
Application started. Press Ctrl+C to shut down.
--------------------------------
2021-08-31 19:09:53,975| INFO Microsoft.Hosting.Lifetime 
Hosting environment: Development
--------------------------------
2021-08-31 19:09:53,984| INFO Microsoft.Hosting.Lifetime 
Content root path: G:\WebApplication\WebApplication
--------------------------------
2021-08-31 20:56:52,389| INFO Microsoft.Hosting.Lifetime 
Application started. Press Ctrl+C to shut down.
--------------------------------
2021-08-31 20:56:52,414| INFO Microsoft.Hosting.Lifetime 
Hosting environment: Development
--------------------------------
2021-08-31 20:56:52,416| INFO Microsoft.Hosting.Lifetime 
Content root path: G:\WebApplication\WebApplication
--------------------------------
2021-08-31 21:02:15,437| INFO Microsoft.Hosting.Lifetime 
Application started. Press Ctrl+C to shut down.
--------------------------------
2021-08-31 21:02:15,469| INFO Microsoft.Hosting.Lifetime 
Hosting environment: Development
--------------------------------
2021-08-31 21:02:15,471| INFO Microsoft.Hosting.Lifetime 
Content root path: G:\WebApplication\WebApplication
--------------------------------
2021-08-31 22:57:39,565| INFO Microsoft.Hosting.Lifetime 
Application started. Press Ctrl+C to shut down.
--------------------------------
2021-08-31 22:57:39,592| INFO Microsoft.Hosting.Lifetime 
Hosting environment: Development
--------------------------------
2021-08-31 22:57:39,594| INFO Microsoft.Hosting.Lifetime 
Content root path: G:\WebApplication\WebApplication
--------------------------------
2021-08-31 23:08:20,719| INFO Microsoft.Hosting.Lifetime 
Application started. Press Ctrl+C to shut down.
--------------------------------
2021-08-31 23:08:20,742| INFO Microsoft.Hosting.Lifetime 
Hosting environment: Development
--------------------------------
2021-08-31 23:08:20,744| INFO Microsoft.Hosting.Lifetime 
Content root path: G:\WebApplication\WebApplication
--------------------------------
2021-08-31 23:12:38,879| INFO Microsoft.Hosting.Lifetime 
Application started. Press Ctrl+C to shut down.
--------------------------------
2021-08-31 23:12:38,904| INFO Microsoft.Hosting.Lifetime 
Hosting environment: Development
--------------------------------
2021-08-31 23:12:38,907| INFO Microsoft.Hosting.Lifetime 
Content root path: G:\WebApplication\WebApplication
--------------------------------
2021-08-31 23:19:28,923| INFO Microsoft.Hosting.Lifetime 
Application started. Press Ctrl+C to shut down.
--------------------------------
2021-08-31 23:19:28,963| INFO Microsoft.Hosting.Lifetime 
Hosting environment: Development
--------------------------------
2021-08-31 23:19:28,966| INFO Microsoft.Hosting.Lifetime 
Content root path: G:\WebApplication\WebApplication
--------------------------------
2021-08-31 23:20:30,799| INFO Microsoft.Hosting.Lifetime 
Application started. Press Ctrl+C to shut down.
--------------------------------
2021-08-31 23:20:30,824| INFO Microsoft.Hosting.Lifetime 
Hosting environment: Development
--------------------------------
2021-08-31 23:20:30,826| INFO Microsoft.Hosting.Lifetime 
Content root path: G:\WebApplication\WebApplication
--------------------------------
2021-08-31 23:42:48,189| INFO Microsoft.Hosting.Lifetime 
Application started. Press Ctrl+C to shut down.
--------------------------------
2021-08-31 23:42:48,210| INFO Microsoft.Hosting.Lifetime 
Hosting environment: Development
--------------------------------
2021-08-31 23:42:48,213| INFO Microsoft.Hosting.Lifetime 
Content root path: G:\WebApplication\WebApplication
--------------------------------
2021-08-31 23:47:31,634| INFO Microsoft.Hosting.Lifetime 
Application started. Press Ctrl+C to shut down.
--------------------------------
2021-08-31 23:47:31,666| INFO Microsoft.Hosting.Lifetime 
Hosting environment: Development
--------------------------------
2021-08-31 23:47:31,668| INFO Microsoft.Hosting.Lifetime 
Content root path: G:\WebApplication\WebApplication
--------------------------------
2021-08-31 23:49:19,597| INFO Microsoft.Hosting.Lifetime 
Application started. Press Ctrl+C to shut down.
--------------------------------
2021-08-31 23:49:19,625| INFO Microsoft.Hosting.Lifetime 
Hosting environment: Development
--------------------------------
2021-08-31 23:49:19,628| INFO Microsoft.Hosting.Lifetime 
Content root path: G:\WebApplication\WebApplication
--------------------------------
2021-08-31 23:57:55,105| INFO Microsoft.Hosting.Lifetime 
Application started. Press Ctrl+C to shut down.
--------------------------------
2021-08-31 23:57:55,133| INFO Microsoft.Hosting.Lifetime 
Hosting environment: Development
--------------------------------
2021-08-31 23:57:55,136| INFO Microsoft.Hosting.Lifetime 
Content root path: G:\WebApplication\WebApplication
--------------------------------
