2021-09-11 04:04:57,934| INFO Microsoft.Hosting.Lifetime 
Application started. Press Ctrl+C to shut down.
--------------------------------
2021-09-11 04:04:57,949| INFO Microsoft.Hosting.Lifetime 
Hosting environment: Development
--------------------------------
2021-09-11 04:04:57,950| INFO Microsoft.Hosting.Lifetime 
Content root path: G:\WebApplication\WebApplication
--------------------------------
2021-09-11 04:26:23,959| INFO Microsoft.Hosting.Lifetime 
Application started. Press Ctrl+C to shut down.
--------------------------------
2021-09-11 04:26:23,996| INFO Microsoft.Hosting.Lifetime 
Hosting environment: Development
--------------------------------
2021-09-11 04:26:24,003| INFO Microsoft.Hosting.Lifetime 
Content root path: G:\WebApplication\WebApplication
--------------------------------
2021-09-11 04:27:18,930| INFO Microsoft.Hosting.Lifetime 
Application started. Press Ctrl+C to shut down.
--------------------------------
2021-09-11 04:27:18,952| INFO Microsoft.Hosting.Lifetime 
Hosting environment: Development
--------------------------------
2021-09-11 04:27:18,955| INFO Microsoft.Hosting.Lifetime 
Content root path: G:\WebApplication\WebApplication
--------------------------------
2021-09-11 04:28:12,293| INFO Microsoft.Hosting.Lifetime 
Application started. Press Ctrl+C to shut down.
--------------------------------
2021-09-11 04:28:12,315| INFO Microsoft.Hosting.Lifetime 
Hosting environment: Development
--------------------------------
2021-09-11 04:28:12,317| INFO Microsoft.Hosting.Lifetime 
Content root path: G:\WebApplication\WebApplication
--------------------------------
2021-09-11 04:37:29,877| INFO Microsoft.Hosting.Lifetime 
Application started. Press Ctrl+C to shut down.
--------------------------------
2021-09-11 04:37:29,899| INFO Microsoft.Hosting.Lifetime 
Hosting environment: Development
--------------------------------
2021-09-11 04:37:29,900| INFO Microsoft.Hosting.Lifetime 
Content root path: G:\WebApplication\WebApplication
--------------------------------
2021-09-11 04:38:45,199| INFO Microsoft.Hosting.Lifetime 
Application started. Press Ctrl+C to shut down.
--------------------------------
2021-09-11 04:38:45,220| INFO Microsoft.Hosting.Lifetime 
Hosting environment: Development
--------------------------------
2021-09-11 04:38:45,222| INFO Microsoft.Hosting.Lifetime 
Content root path: G:\WebApplication\WebApplication
--------------------------------
2021-09-11 04:39:53,220| INFO Microsoft.Hosting.Lifetime 
Application started. Press Ctrl+C to shut down.
--------------------------------
2021-09-11 04:39:53,246| INFO Microsoft.Hosting.Lifetime 
Hosting environment: Development
--------------------------------
2021-09-11 04:39:53,249| INFO Microsoft.Hosting.Lifetime 
Content root path: G:\WebApplication\WebApplication
--------------------------------
2021-09-11 04:40:13,212| INFO Microsoft.Hosting.Lifetime 
Application started. Press Ctrl+C to shut down.
--------------------------------
2021-09-11 04:40:13,232| INFO Microsoft.Hosting.Lifetime 
Hosting environment: Development
--------------------------------
2021-09-11 04:40:13,234| INFO Microsoft.Hosting.Lifetime 
Content root path: G:\WebApplication\WebApplication
--------------------------------
2021-09-11 04:41:33,087| INFO Microsoft.Hosting.Lifetime 
Application started. Press Ctrl+C to shut down.
--------------------------------
2021-09-11 04:41:33,111| INFO Microsoft.Hosting.Lifetime 
Hosting environment: Development
--------------------------------
2021-09-11 04:41:33,113| INFO Microsoft.Hosting.Lifetime 
Content root path: G:\WebApplication\WebApplication
--------------------------------
2021-09-11 04:43:57,539| INFO Microsoft.Hosting.Lifetime 
Application started. Press Ctrl+C to shut down.
--------------------------------
2021-09-11 04:43:57,563| INFO Microsoft.Hosting.Lifetime 
Hosting environment: Development
--------------------------------
2021-09-11 04:43:57,566| INFO Microsoft.Hosting.Lifetime 
Content root path: G:\WebApplication\WebApplication
--------------------------------
2021-09-11 04:45:38,268| INFO Microsoft.Hosting.Lifetime 
Application started. Press Ctrl+C to shut down.
--------------------------------
2021-09-11 04:45:38,293| INFO Microsoft.Hosting.Lifetime 
Hosting environment: Development
--------------------------------
2021-09-11 04:45:38,295| INFO Microsoft.Hosting.Lifetime 
Content root path: G:\WebApplication\WebApplication
--------------------------------
2021-09-11 04:45:57,183| INFO Microsoft.Hosting.Lifetime 
Application started. Press Ctrl+C to shut down.
--------------------------------
2021-09-11 04:45:57,200| INFO Microsoft.Hosting.Lifetime 
Hosting environment: Development
--------------------------------
2021-09-11 04:45:57,205| INFO Microsoft.Hosting.Lifetime 
Content root path: G:\WebApplication\WebApplication
--------------------------------
2021-09-11 04:47:35,487| INFO Microsoft.Hosting.Lifetime 
Application started. Press Ctrl+C to shut down.
--------------------------------
2021-09-11 04:47:35,509| INFO Microsoft.Hosting.Lifetime 
Hosting environment: Development
--------------------------------
2021-09-11 04:47:35,511| INFO Microsoft.Hosting.Lifetime 
Content root path: G:\WebApplication\WebApplication
--------------------------------
2021-09-11 04:48:20,430| INFO Microsoft.Hosting.Lifetime 
Application started. Press Ctrl+C to shut down.
--------------------------------
2021-09-11 04:48:20,454| INFO Microsoft.Hosting.Lifetime 
Hosting environment: Development
--------------------------------
2021-09-11 04:48:20,457| INFO Microsoft.Hosting.Lifetime 
Content root path: G:\WebApplication\WebApplication
--------------------------------
2021-09-11 04:49:16,289| INFO Microsoft.Hosting.Lifetime 
Application started. Press Ctrl+C to shut down.
--------------------------------
2021-09-11 04:49:16,310| INFO Microsoft.Hosting.Lifetime 
Hosting environment: Development
--------------------------------
2021-09-11 04:49:16,311| INFO Microsoft.Hosting.Lifetime 
Content root path: G:\WebApplication\WebApplication
--------------------------------
2021-09-11 04:54:39,473| INFO Microsoft.Hosting.Lifetime 
Application started. Press Ctrl+C to shut down.
--------------------------------
2021-09-11 04:54:39,499| INFO Microsoft.Hosting.Lifetime 
Hosting environment: Development
--------------------------------
2021-09-11 04:54:39,501| INFO Microsoft.Hosting.Lifetime 
Content root path: G:\WebApplication\WebApplication
--------------------------------
2021-09-11 04:55:25,072| INFO Microsoft.Hosting.Lifetime 
Application started. Press Ctrl+C to shut down.
--------------------------------
2021-09-11 04:55:25,094| INFO Microsoft.Hosting.Lifetime 
Hosting environment: Development
--------------------------------
2021-09-11 04:55:25,096| INFO Microsoft.Hosting.Lifetime 
Content root path: G:\WebApplication\WebApplication
--------------------------------
2021-09-11 04:57:01,346| INFO Microsoft.Hosting.Lifetime 
Application started. Press Ctrl+C to shut down.
--------------------------------
2021-09-11 04:57:01,365| INFO Microsoft.Hosting.Lifetime 
Hosting environment: Development
--------------------------------
2021-09-11 04:57:01,369| INFO Microsoft.Hosting.Lifetime 
Content root path: G:\WebApplication\WebApplication
--------------------------------
2021-09-11 04:57:26,745| INFO Microsoft.Hosting.Lifetime 
Application started. Press Ctrl+C to shut down.
--------------------------------
2021-09-11 04:57:26,770| INFO Microsoft.Hosting.Lifetime 
Hosting environment: Development
--------------------------------
2021-09-11 04:57:26,772| INFO Microsoft.Hosting.Lifetime 
Content root path: G:\WebApplication\WebApplication
--------------------------------
2021-09-11 04:57:55,057| INFO Microsoft.Hosting.Lifetime 
Application started. Press Ctrl+C to shut down.
--------------------------------
2021-09-11 04:57:55,077| INFO Microsoft.Hosting.Lifetime 
Hosting environment: Development
--------------------------------
2021-09-11 04:57:55,079| INFO Microsoft.Hosting.Lifetime 
Content root path: G:\WebApplication\WebApplication
--------------------------------
2021-09-11 05:04:57,582| INFO Microsoft.Hosting.Lifetime 
Application started. Press Ctrl+C to shut down.
--------------------------------
2021-09-11 05:04:57,606| INFO Microsoft.Hosting.Lifetime 
Hosting environment: Development
--------------------------------
2021-09-11 05:04:57,608| INFO Microsoft.Hosting.Lifetime 
Content root path: G:\WebApplication\WebApplication
--------------------------------
