2021-09-02 18:45:20,779| INFO Microsoft.Hosting.Lifetime 
Application started. Press Ctrl+C to shut down.
--------------------------------
2021-09-02 18:45:20,800| INFO Microsoft.Hosting.Lifetime 
Hosting environment: Development
--------------------------------
2021-09-02 18:45:20,806| INFO Microsoft.Hosting.Lifetime 
Content root path: G:\WebApplication\WebApplication
--------------------------------
2021-09-02 20:00:24,904| INFO Microsoft.Hosting.Lifetime 
Application started. Press Ctrl+C to shut down.
--------------------------------
2021-09-02 20:00:24,927| INFO Microsoft.Hosting.Lifetime 
Hosting environment: Development
--------------------------------
2021-09-02 20:00:24,929| INFO Microsoft.Hosting.Lifetime 
Content root path: G:\WebApplication\WebApplication
--------------------------------
2021-09-02 20:08:59,548| INFO Microsoft.Hosting.Lifetime 
Application started. Press Ctrl+C to shut down.
--------------------------------
2021-09-02 20:08:59,574| INFO Microsoft.Hosting.Lifetime 
Hosting environment: Development
--------------------------------
2021-09-02 20:08:59,576| INFO Microsoft.Hosting.Lifetime 
Content root path: G:\WebApplication\WebApplication
--------------------------------
2021-09-02 20:14:50,099| INFO Microsoft.Hosting.Lifetime 
Application started. Press Ctrl+C to shut down.
--------------------------------
2021-09-02 20:14:50,122| INFO Microsoft.Hosting.Lifetime 
Hosting environment: Development
--------------------------------
2021-09-02 20:14:50,124| INFO Microsoft.Hosting.Lifetime 
Content root path: G:\WebApplication\WebApplication
--------------------------------
2021-09-02 20:29:05,143| INFO Microsoft.Hosting.Lifetime 
Application started. Press Ctrl+C to shut down.
--------------------------------
2021-09-02 20:29:05,169| INFO Microsoft.Hosting.Lifetime 
Hosting environment: Development
--------------------------------
2021-09-02 20:29:05,178| INFO Microsoft.Hosting.Lifetime 
Content root path: G:\WebApplication\WebApplication
--------------------------------
2021-09-02 20:31:02,948| INFO Microsoft.Hosting.Lifetime 
Application started. Press Ctrl+C to shut down.
--------------------------------
2021-09-02 20:31:02,978| INFO Microsoft.Hosting.Lifetime 
Hosting environment: Development
--------------------------------
2021-09-02 20:31:02,980| INFO Microsoft.Hosting.Lifetime 
Content root path: G:\WebApplication\WebApplication
--------------------------------
