2021-08-25 16:05:50,056| INFO Microsoft.Hosting.Lifetime 
Application started. Press Ctrl+C to shut down.
--------------------------------
2021-08-25 16:05:50,077| INFO Microsoft.Hosting.Lifetime 
Hosting environment: Development
--------------------------------
2021-08-25 16:05:50,079| INFO Microsoft.Hosting.Lifetime 
Content root path: G:\WebApplication\WebApplication
--------------------------------
2021-08-25 16:07:32,548| INFO Microsoft.Hosting.Lifetime 
Application started. Press Ctrl+C to shut down.
--------------------------------
2021-08-25 16:07:32,569| INFO Microsoft.Hosting.Lifetime 
Hosting environment: Development
--------------------------------
2021-08-25 16:07:32,570| INFO Microsoft.Hosting.Lifetime 
Content root path: G:\WebApplication\WebApplication
--------------------------------
2021-08-25 16:09:33,475| INFO Microsoft.Hosting.Lifetime 
Application started. Press Ctrl+C to shut down.
--------------------------------
2021-08-25 16:09:33,497| INFO Microsoft.Hosting.Lifetime 
Hosting environment: Development
--------------------------------
2021-08-25 16:09:33,499| INFO Microsoft.Hosting.Lifetime 
Content root path: G:\WebApplication\WebApplication
--------------------------------
2021-08-25 16:18:42,611| INFO Microsoft.Hosting.Lifetime 
Application started. Press Ctrl+C to shut down.
--------------------------------
2021-08-25 16:18:42,617| INFO Microsoft.Hosting.Lifetime 
Hosting environment: Development
--------------------------------
2021-08-25 16:18:42,618| INFO Microsoft.Hosting.Lifetime 
Content root path: G:\WebApplication\WebApplication
--------------------------------
