2021-09-04 11:40:36,952| INFO Microsoft.Hosting.Lifetime 
Application started. Press Ctrl+C to shut down.
--------------------------------
2021-09-04 11:40:36,970| INFO Microsoft.Hosting.Lifetime 
Hosting environment: Development
--------------------------------
2021-09-04 11:40:36,974| INFO Microsoft.Hosting.Lifetime 
Content root path: G:\WebApplication\WebApplication
--------------------------------
2021-09-04 11:49:36,466| INFO Microsoft.Hosting.Lifetime 
Application started. Press Ctrl+C to shut down.
--------------------------------
2021-09-04 11:49:36,487| INFO Microsoft.Hosting.Lifetime 
Hosting environment: Development
--------------------------------
2021-09-04 11:49:36,489| INFO Microsoft.Hosting.Lifetime 
Content root path: G:\WebApplication\WebApplication
--------------------------------
2021-09-04 12:30:58,657| INFO Microsoft.Hosting.Lifetime 
Application started. Press Ctrl+C to shut down.
--------------------------------
2021-09-04 12:30:58,676| INFO Microsoft.Hosting.Lifetime 
Hosting environment: Development
--------------------------------
2021-09-04 12:30:58,678| INFO Microsoft.Hosting.Lifetime 
Content root path: G:\WebApplication\WebApplication
--------------------------------
2021-09-04 21:55:44,444| INFO Microsoft.Hosting.Lifetime 
Application started. Press Ctrl+C to shut down.
--------------------------------
2021-09-04 21:55:44,466| INFO Microsoft.Hosting.Lifetime 
Hosting environment: Development
--------------------------------
2021-09-04 21:55:44,468| INFO Microsoft.Hosting.Lifetime 
Content root path: G:\WebApplication\WebApplication
--------------------------------
2021-09-04 23:06:18,127| INFO Microsoft.Hosting.Lifetime 
Application started. Press Ctrl+C to shut down.
--------------------------------
2021-09-04 23:06:18,149| INFO Microsoft.Hosting.Lifetime 
Hosting environment: Development
--------------------------------
2021-09-04 23:06:18,151| INFO Microsoft.Hosting.Lifetime 
Content root path: G:\WebApplication\WebApplication
--------------------------------
