2021-08-22 13:26:38,830| INFO Microsoft.Hosting.Lifetime 
Application started. Press Ctrl+C to shut down.
--------------------------------
2021-08-22 13:26:38,853| INFO Microsoft.Hosting.Lifetime 
Hosting environment: Development
--------------------------------
2021-08-22 13:26:38,855| INFO Microsoft.Hosting.Lifetime 
Content root path: G:\WebApplication\WebApplication
--------------------------------
2021-08-22 13:30:04,462| INFO Microsoft.Hosting.Lifetime 
Application started. Press Ctrl+C to shut down.
--------------------------------
2021-08-22 13:30:04,481| INFO Microsoft.Hosting.Lifetime 
Hosting environment: Development
--------------------------------
2021-08-22 13:30:04,483| INFO Microsoft.Hosting.Lifetime 
Content root path: G:\WebApplication\WebApplication
--------------------------------
2021-08-22 14:33:28,451| INFO Microsoft.Hosting.Lifetime 
Application started. Press Ctrl+C to shut down.
--------------------------------
2021-08-22 14:33:28,477| INFO Microsoft.Hosting.Lifetime 
Hosting environment: Development
--------------------------------
2021-08-22 14:33:28,479| INFO Microsoft.Hosting.Lifetime 
Content root path: G:\WebApplication\WebApplication
--------------------------------
2021-08-22 14:36:53,536| INFO Microsoft.Hosting.Lifetime 
Application started. Press Ctrl+C to shut down.
--------------------------------
2021-08-22 14:36:53,559| INFO Microsoft.Hosting.Lifetime 
Hosting environment: Development
--------------------------------
2021-08-22 14:36:53,561| INFO Microsoft.Hosting.Lifetime 
Content root path: G:\WebApplication\WebApplication
--------------------------------
2021-08-22 14:43:53,254| INFO Microsoft.Hosting.Lifetime 
Application started. Press Ctrl+C to shut down.
--------------------------------
2021-08-22 14:43:53,279| INFO Microsoft.Hosting.Lifetime 
Hosting environment: Development
--------------------------------
2021-08-22 14:43:53,281| INFO Microsoft.Hosting.Lifetime 
Content root path: G:\WebApplication\WebApplication
--------------------------------
