2021-09-05 10:09:17,934| INFO Microsoft.Hosting.Lifetime 
Application started. Press Ctrl+C to shut down.
--------------------------------
2021-09-05 10:09:17,951| INFO Microsoft.Hosting.Lifetime 
Hosting environment: Development
--------------------------------
2021-09-05 10:09:17,953| INFO Microsoft.Hosting.Lifetime 
Content root path: G:\WebApplication\WebApplication
--------------------------------
2021-09-05 10:15:32,632| INFO Microsoft.Hosting.Lifetime 
Application started. Press Ctrl+C to shut down.
--------------------------------
2021-09-05 10:15:32,652| INFO Microsoft.Hosting.Lifetime 
Hosting environment: Development
--------------------------------
2021-09-05 10:15:32,654| INFO Microsoft.Hosting.Lifetime 
Content root path: G:\WebApplication\WebApplication
--------------------------------
2021-09-05 10:17:02,307| INFO Microsoft.Hosting.Lifetime 
Application started. Press Ctrl+C to shut down.
--------------------------------
2021-09-05 10:17:02,331| INFO Microsoft.Hosting.Lifetime 
Hosting environment: Development
--------------------------------
2021-09-05 10:17:02,333| INFO Microsoft.Hosting.Lifetime 
Content root path: G:\WebApplication\WebApplication
--------------------------------
2021-09-05 10:18:49,378| INFO Microsoft.Hosting.Lifetime 
Application started. Press Ctrl+C to shut down.
--------------------------------
2021-09-05 10:18:49,399| INFO Microsoft.Hosting.Lifetime 
Hosting environment: Development
--------------------------------
2021-09-05 10:18:49,401| INFO Microsoft.Hosting.Lifetime 
Content root path: G:\WebApplication\WebApplication
--------------------------------
2021-09-05 12:09:28,412| INFO Microsoft.Hosting.Lifetime 
Application started. Press Ctrl+C to shut down.
--------------------------------
2021-09-05 12:09:28,437| INFO Microsoft.Hosting.Lifetime 
Hosting environment: Development
--------------------------------
2021-09-05 12:09:28,439| INFO Microsoft.Hosting.Lifetime 
Content root path: G:\WebApplication\WebApplication
--------------------------------
2021-09-05 21:00:49,281| INFO Microsoft.Hosting.Lifetime 
Application started. Press Ctrl+C to shut down.
--------------------------------
2021-09-05 21:00:49,305| INFO Microsoft.Hosting.Lifetime 
Hosting environment: Development
--------------------------------
2021-09-05 21:00:49,307| INFO Microsoft.Hosting.Lifetime 
Content root path: G:\WebApplication\WebApplication
--------------------------------
2021-09-05 21:28:39,939| INFO Microsoft.Hosting.Lifetime 
Application started. Press Ctrl+C to shut down.
--------------------------------
2021-09-05 21:28:39,964| INFO Microsoft.Hosting.Lifetime 
Hosting environment: Development
--------------------------------
2021-09-05 21:28:39,967| INFO Microsoft.Hosting.Lifetime 
Content root path: G:\WebApplication\WebApplication
--------------------------------
2021-09-05 21:33:30,111| INFO Microsoft.Hosting.Lifetime 
Application started. Press Ctrl+C to shut down.
--------------------------------
2021-09-05 21:33:30,135| INFO Microsoft.Hosting.Lifetime 
Hosting environment: Development
--------------------------------
2021-09-05 21:33:30,141| INFO Microsoft.Hosting.Lifetime 
Content root path: G:\WebApplication\WebApplication
--------------------------------
2021-09-05 21:34:25,494| INFO Microsoft.Hosting.Lifetime 
Application started. Press Ctrl+C to shut down.
--------------------------------
2021-09-05 21:34:25,531| INFO Microsoft.Hosting.Lifetime 
Hosting environment: Development
--------------------------------
2021-09-05 21:34:25,534| INFO Microsoft.Hosting.Lifetime 
Content root path: G:\WebApplication\WebApplication
--------------------------------
2021-09-05 21:35:53,700| INFO Microsoft.Hosting.Lifetime 
Application started. Press Ctrl+C to shut down.
--------------------------------
2021-09-05 21:35:53,722| INFO Microsoft.Hosting.Lifetime 
Hosting environment: Development
--------------------------------
2021-09-05 21:35:53,724| INFO Microsoft.Hosting.Lifetime 
Content root path: G:\WebApplication\WebApplication
--------------------------------
2021-09-05 21:40:54,986| INFO Microsoft.Hosting.Lifetime 
Application started. Press Ctrl+C to shut down.
--------------------------------
2021-09-05 21:40:55,010| INFO Microsoft.Hosting.Lifetime 
Hosting environment: Development
--------------------------------
2021-09-05 21:40:55,013| INFO Microsoft.Hosting.Lifetime 
Content root path: G:\WebApplication\WebApplication
--------------------------------
2021-09-05 21:43:42,657| INFO Microsoft.Hosting.Lifetime 
Application started. Press Ctrl+C to shut down.
--------------------------------
2021-09-05 21:43:42,685| INFO Microsoft.Hosting.Lifetime 
Hosting environment: Development
--------------------------------
2021-09-05 21:43:42,688| INFO Microsoft.Hosting.Lifetime 
Content root path: G:\WebApplication\WebApplication
--------------------------------
2021-09-05 21:44:56,971| INFO Microsoft.Hosting.Lifetime 
Now listening on: http://localhost:5000
--------------------------------
2021-09-05 21:44:56,977| INFO Microsoft.Hosting.Lifetime 
Application started. Press Ctrl+C to shut down.
--------------------------------
2021-09-05 21:44:56,977| INFO Microsoft.Hosting.Lifetime 
Hosting environment: Development
--------------------------------
2021-09-05 21:44:56,978| INFO Microsoft.Hosting.Lifetime 
Content root path: G:\WebApplication\WebApplication
--------------------------------
2021-09-05 21:46:32,935| INFO Microsoft.Hosting.Lifetime 
Application started. Press Ctrl+C to shut down.
--------------------------------
2021-09-05 21:46:32,958| INFO Microsoft.Hosting.Lifetime 
Hosting environment: Development
--------------------------------
2021-09-05 21:46:32,960| INFO Microsoft.Hosting.Lifetime 
Content root path: G:\WebApplication\WebApplication
--------------------------------
2021-09-05 22:43:38,310| INFO Microsoft.Hosting.Lifetime 
Application started. Press Ctrl+C to shut down.
--------------------------------
2021-09-05 22:43:38,336| INFO Microsoft.Hosting.Lifetime 
Hosting environment: Development
--------------------------------
2021-09-05 22:43:38,338| INFO Microsoft.Hosting.Lifetime 
Content root path: G:\WebApplication\WebApplication
--------------------------------
2021-09-05 22:47:52,074| INFO Microsoft.Hosting.Lifetime 
Application started. Press Ctrl+C to shut down.
--------------------------------
2021-09-05 22:47:52,102| INFO Microsoft.Hosting.Lifetime 
Hosting environment: Development
--------------------------------
2021-09-05 22:47:52,105| INFO Microsoft.Hosting.Lifetime 
Content root path: G:\WebApplication\WebApplication
--------------------------------
2021-09-05 23:05:42,376| INFO Microsoft.Hosting.Lifetime 
Application started. Press Ctrl+C to shut down.
--------------------------------
2021-09-05 23:05:42,401| INFO Microsoft.Hosting.Lifetime 
Hosting environment: Development
--------------------------------
2021-09-05 23:05:42,403| INFO Microsoft.Hosting.Lifetime 
Content root path: G:\WebApplication\WebApplication
--------------------------------
2021-09-05 23:15:19,312| INFO Microsoft.Hosting.Lifetime 
Application started. Press Ctrl+C to shut down.
--------------------------------
2021-09-05 23:15:19,339| INFO Microsoft.Hosting.Lifetime 
Hosting environment: Development
--------------------------------
2021-09-05 23:15:19,341| INFO Microsoft.Hosting.Lifetime 
Content root path: G:\WebApplication\WebApplication
--------------------------------
2021-09-05 23:24:31,274| INFO Microsoft.Hosting.Lifetime 
Application started. Press Ctrl+C to shut down.
--------------------------------
2021-09-05 23:24:31,306| INFO Microsoft.Hosting.Lifetime 
Hosting environment: Development
--------------------------------
2021-09-05 23:24:31,308| INFO Microsoft.Hosting.Lifetime 
Content root path: G:\WebApplication\WebApplication
--------------------------------
2021-09-05 23:24:50,618| INFO Microsoft.Hosting.Lifetime 
Application started. Press Ctrl+C to shut down.
--------------------------------
2021-09-05 23:24:50,640| INFO Microsoft.Hosting.Lifetime 
Hosting environment: Development
--------------------------------
2021-09-05 23:24:50,643| INFO Microsoft.Hosting.Lifetime 
Content root path: G:\WebApplication\WebApplication
--------------------------------
2021-09-05 23:26:14,289| INFO Microsoft.Hosting.Lifetime 
Application started. Press Ctrl+C to shut down.
--------------------------------
2021-09-05 23:26:14,312| INFO Microsoft.Hosting.Lifetime 
Hosting environment: Development
--------------------------------
2021-09-05 23:26:14,314| INFO Microsoft.Hosting.Lifetime 
Content root path: G:\WebApplication\WebApplication
--------------------------------
2021-09-05 23:32:14,376| INFO Microsoft.Hosting.Lifetime 
Application started. Press Ctrl+C to shut down.
--------------------------------
2021-09-05 23:32:14,400| INFO Microsoft.Hosting.Lifetime 
Hosting environment: Development
--------------------------------
2021-09-05 23:32:14,402| INFO Microsoft.Hosting.Lifetime 
Content root path: G:\WebApplication\WebApplication
--------------------------------
2021-09-05 23:36:59,140| INFO Microsoft.Hosting.Lifetime 
Application started. Press Ctrl+C to shut down.
--------------------------------
2021-09-05 23:36:59,171| INFO Microsoft.Hosting.Lifetime 
Hosting environment: Development
--------------------------------
2021-09-05 23:36:59,173| INFO Microsoft.Hosting.Lifetime 
Content root path: G:\WebApplication\WebApplication
--------------------------------
2021-09-05 23:39:08,435| INFO Microsoft.Hosting.Lifetime 
Application started. Press Ctrl+C to shut down.
--------------------------------
2021-09-05 23:39:08,462| INFO Microsoft.Hosting.Lifetime 
Hosting environment: Development
--------------------------------
2021-09-05 23:39:08,464| INFO Microsoft.Hosting.Lifetime 
Content root path: G:\WebApplication\WebApplication
--------------------------------
2021-09-05 23:44:32,847| INFO Microsoft.Hosting.Lifetime 
Application started. Press Ctrl+C to shut down.
--------------------------------
2021-09-05 23:44:32,878| INFO Microsoft.Hosting.Lifetime 
Hosting environment: Development
--------------------------------
2021-09-05 23:44:32,881| INFO Microsoft.Hosting.Lifetime 
Content root path: G:\WebApplication\WebApplication
--------------------------------
