2021-09-03 03:49:35,653| INFO Microsoft.Hosting.Lifetime 
Application started. Press Ctrl+C to shut down.
--------------------------------
2021-09-03 03:49:35,671| INFO Microsoft.Hosting.Lifetime 
Hosting environment: Development
--------------------------------
2021-09-03 03:49:35,673| INFO Microsoft.Hosting.Lifetime 
Content root path: G:\WebApplication\WebApplication
--------------------------------
2021-09-03 04:16:42,300| INFO Microsoft.Hosting.Lifetime 
Application started. Press Ctrl+C to shut down.
--------------------------------
2021-09-03 04:16:42,321| INFO Microsoft.Hosting.Lifetime 
Hosting environment: Development
--------------------------------
2021-09-03 04:16:42,327| INFO Microsoft.Hosting.Lifetime 
Content root path: G:\WebApplication\WebApplication
--------------------------------
2021-09-03 04:32:28,477| INFO Microsoft.Hosting.Lifetime 
Application started. Press Ctrl+C to shut down.
--------------------------------
2021-09-03 04:32:28,500| INFO Microsoft.Hosting.Lifetime 
Hosting environment: Development
--------------------------------
2021-09-03 04:32:28,502| INFO Microsoft.Hosting.Lifetime 
Content root path: G:\WebApplication\WebApplication
--------------------------------
