2021-08-21 01:49:32,105| INFO Microsoft.Hosting.Lifetime 
Application started. Press Ctrl+C to shut down.
--------------------------------
2021-08-21 01:49:32,119| INFO Microsoft.Hosting.Lifetime 
Hosting environment: Development
--------------------------------
2021-08-21 01:49:32,120| INFO Microsoft.Hosting.Lifetime 
Content root path: G:\WebApplication\WebApplication
--------------------------------
2021-08-21 01:58:16,816| INFO Microsoft.Hosting.Lifetime 
Application started. Press Ctrl+C to shut down.
--------------------------------
2021-08-21 01:58:16,836| INFO Microsoft.Hosting.Lifetime 
Hosting environment: Development
--------------------------------
2021-08-21 01:58:16,838| INFO Microsoft.Hosting.Lifetime 
Content root path: G:\WebApplication\WebApplication
--------------------------------
2021-08-21 02:39:04,620| INFO Microsoft.Hosting.Lifetime 
Application started. Press Ctrl+C to shut down.
--------------------------------
2021-08-21 02:39:04,642| INFO Microsoft.Hosting.Lifetime 
Hosting environment: Development
--------------------------------
2021-08-21 02:39:04,644| INFO Microsoft.Hosting.Lifetime 
Content root path: G:\WebApplication\WebApplication
--------------------------------
2021-08-21 02:43:01,500| INFO Microsoft.Hosting.Lifetime 
Application started. Press Ctrl+C to shut down.
--------------------------------
2021-08-21 02:43:01,524| INFO Microsoft.Hosting.Lifetime 
Hosting environment: Development
--------------------------------
2021-08-21 02:43:01,525| INFO Microsoft.Hosting.Lifetime 
Content root path: G:\WebApplication\WebApplication
--------------------------------
2021-08-21 02:44:40,166| INFO Microsoft.Hosting.Lifetime 
Application started. Press Ctrl+C to shut down.
--------------------------------
2021-08-21 02:44:40,187| INFO Microsoft.Hosting.Lifetime 
Hosting environment: Development
--------------------------------
2021-08-21 02:44:40,188| INFO Microsoft.Hosting.Lifetime 
Content root path: G:\WebApplication\WebApplication
--------------------------------
2021-08-21 02:45:37,135| INFO Microsoft.Hosting.Lifetime 
Application started. Press Ctrl+C to shut down.
--------------------------------
2021-08-21 02:45:37,159| INFO Microsoft.Hosting.Lifetime 
Hosting environment: Development
--------------------------------
2021-08-21 02:45:37,160| INFO Microsoft.Hosting.Lifetime 
Content root path: G:\WebApplication\WebApplication
--------------------------------
2021-08-21 02:47:08,684| INFO Microsoft.Hosting.Lifetime 
Application started. Press Ctrl+C to shut down.
--------------------------------
2021-08-21 02:47:08,705| INFO Microsoft.Hosting.Lifetime 
Hosting environment: Development
--------------------------------
2021-08-21 02:47:08,707| INFO Microsoft.Hosting.Lifetime 
Content root path: G:\WebApplication\WebApplication
--------------------------------
2021-08-21 02:48:39,274| INFO Microsoft.Hosting.Lifetime 
Application started. Press Ctrl+C to shut down.
--------------------------------
2021-08-21 02:48:39,296| INFO Microsoft.Hosting.Lifetime 
Hosting environment: Development
--------------------------------
2021-08-21 02:48:39,297| INFO Microsoft.Hosting.Lifetime 
Content root path: G:\WebApplication\WebApplication
--------------------------------
2021-08-21 02:49:55,805| INFO Microsoft.Hosting.Lifetime 
Application started. Press Ctrl+C to shut down.
--------------------------------
2021-08-21 02:49:55,826| INFO Microsoft.Hosting.Lifetime 
Hosting environment: Development
--------------------------------
2021-08-21 02:49:55,828| INFO Microsoft.Hosting.Lifetime 
Content root path: G:\WebApplication\WebApplication
--------------------------------
2021-08-21 02:50:34,143| INFO Microsoft.Hosting.Lifetime 
Application started. Press Ctrl+C to shut down.
--------------------------------
2021-08-21 02:50:34,163| INFO Microsoft.Hosting.Lifetime 
Hosting environment: Development
--------------------------------
2021-08-21 02:50:34,165| INFO Microsoft.Hosting.Lifetime 
Content root path: G:\WebApplication\WebApplication
--------------------------------
2021-08-21 04:11:31,047| INFO Microsoft.Hosting.Lifetime 
Application started. Press Ctrl+C to shut down.
--------------------------------
2021-08-21 04:11:31,064| INFO Microsoft.Hosting.Lifetime 
Hosting environment: Development
--------------------------------
2021-08-21 04:11:31,069| INFO Microsoft.Hosting.Lifetime 
Content root path: G:\WebApplication\WebApplication
--------------------------------
2021-08-21 04:14:41,901| INFO Microsoft.Hosting.Lifetime 
Application started. Press Ctrl+C to shut down.
--------------------------------
2021-08-21 04:14:41,918| INFO Microsoft.Hosting.Lifetime 
Hosting environment: Development
--------------------------------
2021-08-21 04:14:41,923| INFO Microsoft.Hosting.Lifetime 
Content root path: G:\WebApplication\WebApplication
--------------------------------
2021-08-21 13:01:54,061| INFO Microsoft.Hosting.Lifetime 
Application started. Press Ctrl+C to shut down.
--------------------------------
2021-08-21 13:01:54,081| INFO Microsoft.Hosting.Lifetime 
Hosting environment: Development
--------------------------------
2021-08-21 13:01:54,083| INFO Microsoft.Hosting.Lifetime 
Content root path: G:\WebApplication\WebApplication
--------------------------------
2021-08-21 13:02:26,330| INFO Microsoft.Hosting.Lifetime 
Application started. Press Ctrl+C to shut down.
--------------------------------
2021-08-21 13:02:26,352| INFO Microsoft.Hosting.Lifetime 
Hosting environment: Development
--------------------------------
2021-08-21 13:02:26,354| INFO Microsoft.Hosting.Lifetime 
Content root path: G:\WebApplication\WebApplication
--------------------------------
2021-08-21 13:03:19,587| INFO Microsoft.Hosting.Lifetime 
Application started. Press Ctrl+C to shut down.
--------------------------------
2021-08-21 13:03:19,607| INFO Microsoft.Hosting.Lifetime 
Hosting environment: Development
--------------------------------
2021-08-21 13:03:19,608| INFO Microsoft.Hosting.Lifetime 
Content root path: G:\WebApplication\WebApplication
--------------------------------
2021-08-21 14:37:56,858| INFO Microsoft.Hosting.Lifetime 
Application started. Press Ctrl+C to shut down.
--------------------------------
2021-08-21 14:37:56,880| INFO Microsoft.Hosting.Lifetime 
Hosting environment: Development
--------------------------------
2021-08-21 14:37:56,882| INFO Microsoft.Hosting.Lifetime 
Content root path: G:\WebApplication\WebApplication
--------------------------------
2021-08-21 15:46:35,703| INFO Microsoft.Hosting.Lifetime 
Application started. Press Ctrl+C to shut down.
--------------------------------
2021-08-21 15:46:35,723| INFO Microsoft.Hosting.Lifetime 
Hosting environment: Development
--------------------------------
2021-08-21 15:46:35,725| INFO Microsoft.Hosting.Lifetime 
Content root path: G:\WebApplication\WebApplication
--------------------------------
2021-08-21 15:50:24,735| INFO Microsoft.Hosting.Lifetime 
Application started. Press Ctrl+C to shut down.
--------------------------------
2021-08-21 15:50:24,755| INFO Microsoft.Hosting.Lifetime 
Hosting environment: Development
--------------------------------
2021-08-21 15:50:24,757| INFO Microsoft.Hosting.Lifetime 
Content root path: G:\WebApplication\WebApplication
--------------------------------
2021-08-21 15:53:28,049| INFO Microsoft.Hosting.Lifetime 
Application started. Press Ctrl+C to shut down.
--------------------------------
2021-08-21 15:53:28,071| INFO Microsoft.Hosting.Lifetime 
Hosting environment: Development
--------------------------------
2021-08-21 15:53:28,073| INFO Microsoft.Hosting.Lifetime 
Content root path: G:\WebApplication\WebApplication
--------------------------------
