2021-09-01 00:01:35,208| INFO Microsoft.Hosting.Lifetime 
Application started. Press Ctrl+C to shut down.
--------------------------------
2021-09-01 00:01:35,226| INFO Microsoft.Hosting.Lifetime 
Hosting environment: Development
--------------------------------
2021-09-01 00:01:35,228| INFO Microsoft.Hosting.Lifetime 
Content root path: G:\WebApplication\WebApplication
--------------------------------
2021-09-01 00:26:08,336| INFO Microsoft.Hosting.Lifetime 
Application started. Press Ctrl+C to shut down.
--------------------------------
2021-09-01 00:26:08,353| INFO Microsoft.Hosting.Lifetime 
Hosting environment: Development
--------------------------------
2021-09-01 00:26:08,359| INFO Microsoft.Hosting.Lifetime 
Content root path: G:\WebApplication\WebApplication
--------------------------------
2021-09-01 00:38:34,154| INFO Microsoft.Hosting.Lifetime 
Application started. Press Ctrl+C to shut down.
--------------------------------
2021-09-01 00:38:34,177| INFO Microsoft.Hosting.Lifetime 
Hosting environment: Development
--------------------------------
2021-09-01 00:38:34,179| INFO Microsoft.Hosting.Lifetime 
Content root path: G:\WebApplication\WebApplication
--------------------------------
2021-09-01 01:02:19,027| INFO Microsoft.Hosting.Lifetime 
Application started. Press Ctrl+C to shut down.
--------------------------------
2021-09-01 01:02:19,048| INFO Microsoft.Hosting.Lifetime 
Hosting environment: Development
--------------------------------
2021-09-01 01:02:19,050| INFO Microsoft.Hosting.Lifetime 
Content root path: G:\WebApplication\WebApplication
--------------------------------
2021-09-01 01:19:46,404| INFO Microsoft.Hosting.Lifetime 
Application started. Press Ctrl+C to shut down.
--------------------------------
2021-09-01 01:19:46,424| INFO Microsoft.Hosting.Lifetime 
Hosting environment: Development
--------------------------------
2021-09-01 01:19:46,426| INFO Microsoft.Hosting.Lifetime 
Content root path: G:\WebApplication\WebApplication
--------------------------------
2021-09-01 17:13:51,645| INFO Microsoft.Hosting.Lifetime 
Application started. Press Ctrl+C to shut down.
--------------------------------
2021-09-01 17:13:51,668| INFO Microsoft.Hosting.Lifetime 
Hosting environment: Development
--------------------------------
2021-09-01 17:13:51,670| INFO Microsoft.Hosting.Lifetime 
Content root path: G:\WebApplication\WebApplication
--------------------------------
