2021-09-06 06:49:53,216| INFO Microsoft.Hosting.Lifetime 
Application started. Press Ctrl+C to shut down.
--------------------------------
2021-09-06 06:49:53,232| INFO Microsoft.Hosting.Lifetime 
Hosting environment: Development
--------------------------------
2021-09-06 06:49:53,237| INFO Microsoft.Hosting.Lifetime 
Content root path: G:\WebApplication\WebApplication
--------------------------------
2021-09-06 06:58:37,166| INFO Microsoft.Hosting.Lifetime 
Application started. Press Ctrl+C to shut down.
--------------------------------
2021-09-06 06:58:37,190| INFO Microsoft.Hosting.Lifetime 
Hosting environment: Development
--------------------------------
2021-09-06 06:58:37,192| INFO Microsoft.Hosting.Lifetime 
Content root path: G:\WebApplication\WebApplication
--------------------------------
2021-09-06 16:49:51,613| INFO Microsoft.Hosting.Lifetime 
Application started. Press Ctrl+C to shut down.
--------------------------------
2021-09-06 16:49:51,634| INFO Microsoft.Hosting.Lifetime 
Hosting environment: Development
--------------------------------
2021-09-06 16:49:51,636| INFO Microsoft.Hosting.Lifetime 
Content root path: G:\WebApplication\WebApplication
--------------------------------
2021-09-06 16:54:46,752| INFO Microsoft.Hosting.Lifetime 
Application started. Press Ctrl+C to shut down.
--------------------------------
2021-09-06 16:54:46,782| INFO Microsoft.Hosting.Lifetime 
Hosting environment: Development
--------------------------------
2021-09-06 16:54:46,784| INFO Microsoft.Hosting.Lifetime 
Content root path: G:\WebApplication\WebApplication
--------------------------------
2021-09-06 16:56:26,908| INFO Microsoft.Hosting.Lifetime 
Application started. Press Ctrl+C to shut down.
--------------------------------
2021-09-06 16:56:26,930| INFO Microsoft.Hosting.Lifetime 
Hosting environment: Development
--------------------------------
2021-09-06 16:56:26,932| INFO Microsoft.Hosting.Lifetime 
Content root path: G:\WebApplication\WebApplication
--------------------------------
