2021-09-05 23:09:51,782| INFO Microsoft.Hosting.Lifetime 
Application started. Press Ctrl+C to shut down.
--------------------------------
2021-09-05 23:09:51,789| INFO Microsoft.Hosting.Lifetime 
Hosting environment: Production
--------------------------------
2021-09-05 23:09:51,789| INFO Microsoft.Hosting.Lifetime 
Content root path: G:\WebApplication\WebApplication\bin\Release\net5.0\publish
--------------------------------
2021-09-05 23:09:51,831| WARN Microsoft.AspNetCore.Session.SessionMiddleware 
Error unprotecting the session cookie.
--------------------------------
System.Security.Cryptography.CryptographicException: The key {9e130fda-59b2-4ad7-b9ae-d8b07f839374} was not found in the key ring.
   at Microsoft.AspNetCore.DataProtection.KeyManagement.KeyRingBasedDataProtector.UnprotectCore(Byte[] protectedData, Boolean allowOperationsOnRevokedKeys, UnprotectStatus& status)
   at Microsoft.AspNetCore.DataProtection.KeyManagement.KeyRingBasedDataProtector.DangerousUnprotect(Byte[] protectedData, Boolean ignoreRevocationErrors, Boolean& requiresMigration, Boolean& wasRevoked)
   at Microsoft.AspNetCore.DataProtection.KeyManagement.KeyRingBasedDataProtector.Unprotect(Byte[] protectedData)
   at Microsoft.AspNetCore.Session.CookieProtection.Unprotect(IDataProtector protector, String protectedText, ILogger logger)
2021-09-05 23:09:51,952| WARN Microsoft.AspNetCore.Session.SessionMiddleware 
Error unprotecting the session cookie.
--------------------------------
System.Security.Cryptography.CryptographicException: The key {9e130fda-59b2-4ad7-b9ae-d8b07f839374} was not found in the key ring.
   at Microsoft.AspNetCore.DataProtection.KeyManagement.KeyRingBasedDataProtector.UnprotectCore(Byte[] protectedData, Boolean allowOperationsOnRevokedKeys, UnprotectStatus& status)
   at Microsoft.AspNetCore.DataProtection.KeyManagement.KeyRingBasedDataProtector.DangerousUnprotect(Byte[] protectedData, Boolean ignoreRevocationErrors, Boolean& requiresMigration, Boolean& wasRevoked)
   at Microsoft.AspNetCore.DataProtection.KeyManagement.KeyRingBasedDataProtector.Unprotect(Byte[] protectedData)
   at Microsoft.AspNetCore.Session.CookieProtection.Unprotect(IDataProtector protector, String protectedText, ILogger logger)
2021-09-05 23:11:48,354| INFO Microsoft.Hosting.Lifetime 
Application is shutting down...
--------------------------------
2021-09-05 23:12:40,280| INFO Microsoft.Hosting.Lifetime 
Application started. Press Ctrl+C to shut down.
--------------------------------
2021-09-05 23:12:40,290| INFO Microsoft.Hosting.Lifetime 
Hosting environment: Production
--------------------------------
2021-09-05 23:12:40,291| INFO Microsoft.Hosting.Lifetime 
Content root path: G:\WebApplication\WebApplication\bin\Release\net5.0\publish
--------------------------------
2021-09-05 23:14:22,245| INFO Microsoft.Hosting.Lifetime 
Application is shutting down...
--------------------------------
