2021-08-25 17:33:15,413| ERROR 
列名 'CheckCode' 无效。
列名 'Remeber' 无效。
列名 'UserPasswordId' 无效。
--------------------------------
2021-08-25 17:33:31,918| ERROR 
列名 'CheckCode' 无效。
列名 'Remeber' 无效。
列名 'UserPasswordId' 无效。
--------------------------------
2021-08-25 17:36:53,149| ERROR 
列名 'CheckCode' 无效。
列名 'Remeber' 无效。
列名 'UserPasswordId' 无效。
--------------------------------
2021-08-25 17:39:34,347| ERROR 
列名 'CheckCode' 无效。
列名 'Remeber' 无效。
列名 'UserPasswordId' 无效。
--------------------------------
2021-08-25 17:40:18,854| ERROR 
列名 'CheckCode' 无效。
列名 'Remeber' 无效。
列名 'UserPasswordId' 无效。
--------------------------------
