2021-08-21 02:26:04,796| INFO Microsoft.Hosting.Lifetime 
Application started. Press Ctrl+C to shut down.
--------------------------------
2021-08-21 02:26:04,802| INFO Microsoft.Hosting.Lifetime 
Hosting environment: Production
--------------------------------
2021-08-21 02:26:04,802| INFO Microsoft.Hosting.Lifetime 
Content root path: G:\WebApplication\WebApplication\bin\Release\net5.0\publish
--------------------------------
2021-08-21 02:26:04,845| WARN Microsoft.AspNetCore.Session.SessionMiddleware 
Error unprotecting the session cookie.
--------------------------------
System.Security.Cryptography.CryptographicException: The key {9e130fda-59b2-4ad7-b9ae-d8b07f839374} was not found in the key ring.
   at Microsoft.AspNetCore.DataProtection.KeyManagement.KeyRingBasedDataProtector.UnprotectCore(Byte[] protectedData, Boolean allowOperationsOnRevokedKeys, UnprotectStatus& status)
   at Microsoft.AspNetCore.DataProtection.KeyManagement.KeyRingBasedDataProtector.DangerousUnprotect(Byte[] protectedData, Boolean ignoreRevocationErrors, Boolean& requiresMigration, Boolean& wasRevoked)
   at Microsoft.AspNetCore.DataProtection.KeyManagement.KeyRingBasedDataProtector.Unprotect(Byte[] protectedData)
   at Microsoft.AspNetCore.Session.CookieProtection.Unprotect(IDataProtector protector, String protectedText, ILogger logger)
2021-08-21 02:26:05,118| WARN Microsoft.AspNetCore.Session.SessionMiddleware 
Error unprotecting the session cookie.
--------------------------------
System.Security.Cryptography.CryptographicException: The key {9e130fda-59b2-4ad7-b9ae-d8b07f839374} was not found in the key ring.
   at Microsoft.AspNetCore.DataProtection.KeyManagement.KeyRingBasedDataProtector.UnprotectCore(Byte[] protectedData, Boolean allowOperationsOnRevokedKeys, UnprotectStatus& status)
   at Microsoft.AspNetCore.DataProtection.KeyManagement.KeyRingBasedDataProtector.DangerousUnprotect(Byte[] protectedData, Boolean ignoreRevocationErrors, Boolean& requiresMigration, Boolean& wasRevoked)
   at Microsoft.AspNetCore.DataProtection.KeyManagement.KeyRingBasedDataProtector.Unprotect(Byte[] protectedData)
   at Microsoft.AspNetCore.Session.CookieProtection.Unprotect(IDataProtector protector, String protectedText, ILogger logger)
2021-08-21 02:52:03,899| INFO Microsoft.Hosting.Lifetime 
Application is shutting down...
--------------------------------
2021-08-21 03:01:19,002| INFO Microsoft.Hosting.Lifetime 
Application started. Press Ctrl+C to shut down.
--------------------------------
2021-08-21 03:01:19,007| INFO Microsoft.Hosting.Lifetime 
Hosting environment: Production
--------------------------------
2021-08-21 03:01:19,008| INFO Microsoft.Hosting.Lifetime 
Content root path: G:\WebApplication\WebApplication\bin\Release\net5.0\publish
--------------------------------
2021-08-21 03:22:24,041| INFO Microsoft.Hosting.Lifetime 
Application is shutting down...
--------------------------------
